{"numTotalTestSuites":213,"numPassedTestSuites":200,"numFailedTestSuites":13,"numPendingTestSuites":0,"numTotalTests":566,"numPassedTests":552,"numFailedTests":11,"numPendingTests":3,"numTodoTests":0,"snapshot":{"added":0,"failure":false,"filesAdded":0,"filesRemoved":0,"filesRemovedList":[],"filesUnmatched":0,"filesUpdated":0,"matched":0,"total":0,"unchecked":0,"uncheckedKeysByFile":[],"unmatched":0,"updated":0,"didUpdate":false},"startTime":1759685743791,"success":false,"testResults":[{"assertionResults":[{"ancestorTitles":["Auto-Prep Flow Integration","Complete Workflow"],"fullName":"Auto-Prep Flow Integration Complete Workflow executes full pipeline: upload → auto-prep → display result","status":"failed","title":"executes full pipeline: upload → auto-prep → display result","duration":314.4870559871197,"failureMessages":["TestingLibraryElementError: Unable to find a label with the text of: /drag image here or click to browse/i\n\nIgnored nodes: comments, script, style\n\u001b[36m<body>\u001b[39m\n  \u001b[36m<div>\u001b[39m\n    \u001b[36m<div\u001b[39m\n      \u001b[33mclass\u001b[39m=\u001b[32m\"min-h-screen flex flex-col bg-background text-foreground\"\u001b[39m\n    \u001b[36m>\u001b[39m\n      \u001b[36m<a\u001b[39m\n        \u001b[33mclass\u001b[39m=\u001b[32m\"sr-only focus:not-sr-only focus:absolute focus:top-0 focus:left-0 focus:z-50 focus:bg-primary focus:text-primary-foreground focus:px-4 focus:py-2 focus:m-2 focus:rounded\"\u001b[39m\n        \u001b[33mhref\u001b[39m=\u001b[32m\"#main-content\"\u001b[39m\n      \u001b[36m>\u001b[39m\n        \u001b[0mSkip to main content\u001b[0m\n      \u001b[36m</a>\u001b[39m\n      \u001b[36m<header\u001b[39m\n        \u001b[33mclass\u001b[39m=\u001b[32m\"bg-primary text-primary-foreground px-4 py-6 sm:px-6 lg:px-8 shadow-md\"\u001b[39m\n      \u001b[36m>\u001b[39m\n        \u001b[36m<div\u001b[39m\n          \u001b[33mclass\u001b[39m=\u001b[32m\"container mx-auto\"\u001b[39m\n        \u001b[36m>\u001b[39m\n          \u001b[36m<h1\u001b[39m\n            \u001b[33mclass\u001b[39m=\u001b[32m\"text-2xl sm:text-3xl lg:text-4xl font-bold\"\u001b[39m\n          \u001b[36m>\u001b[39m\n            \u001b[0mCraftyPrep\u001b[0m\n          \u001b[36m</h1>\u001b[39m\n          \u001b[36m<p\u001b[39m\n            \u001b[33mclass\u001b[39m=\u001b[32m\"text-sm sm:text-base mt-2 opacity-90\"\u001b[39m\n          \u001b[36m>\u001b[39m\n            \u001b[0mLaser Engraving Image Preparation Tool\u001b[0m\n          \u001b[36m</p>\u001b[39m\n        \u001b[36m</div>\u001b[39m\n      \u001b[36m</header>\u001b[39m\n      \u001b[36m<main\u001b[39m\n        \u001b[33mclass\u001b[39m=\u001b[32m\"flex-1 container mx-auto px-4 py-6 sm:px-6 lg:px-8\"\u001b[39m\n        \u001b[33mid\u001b[39m=\u001b[32m\"main-content\"\u001b[39m\n        \u001b[33mrole\u001b[39m=\u001b[32m\"main\"\u001b[39m\n      \u001b[36m>\u001b[39m\n        \u001b[36m<div\u001b[39m\n          \u001b[33mclass\u001b[39m=\u001b[32m\"flex flex-col items-center justify-center space-y-8\"\u001b[39m\n        \u001b[36m>\u001b[39m\n          \u001b[36m<div\u001b[39m\n            \u001b[33mclass\u001b[39m=\u001b[32m\"text-center space-y-4\"\u001b[39m\n          \u001b[36m>\u001b[39m\n            \u001b[36m<h2\u001b[39m\n              \u001b[33mclass\u001b[39m=\u001b[32m\"text-3xl font-bold\"\u001b[39m\n            \u001b[36m>\u001b[39m\n              \u001b[0mWelcome to CraftyPrep\u001b[0m\n            \u001b[36m</h2>\u001b[39m\n            \u001b[36m<p\u001b[39m\n              \u001b[33mclass\u001b[39m=\u001b[32m\"text-lg text-muted-foreground max-w-2xl mx-auto\"\u001b[39m\n            \u001b[36m>\u001b[39m\n              \u001b[0mTransform your images for laser engraving with our powerful image preparation tool.\u001b[0m\n            \u001b[36m</p>\u001b[39m\n          \u001b[36m</div>\u001b[39m\n          \u001b[36m<div\u001b[39m\n            \u001b[33maria-label\u001b[39m=\u001b[32m\"Image upload\"\u001b[39m\n            \u001b[33mclass\u001b[39m=\u001b[32m\"w-full max-w-2xl mx-auto px-4 py-6\"\u001b[39m\n            \u001b[33mrole\u001b[39m=\u001b[32m\"region\"\u001b[39m\n          \u001b[36m>\u001b[39m\n            \u001b[36m<div\u001b[39m\n              \u001b[33maria-busy\u001b[39m=\u001b[32m\"false\"\u001b[39m\n              \u001b[33maria-disabled\u001b[39m=\u001b[32m\"false\"\u001b[39m\n              \u001b[33maria-label\u001b[39m=\u001b[32m\"Upload image file. Drag and drop or press Enter to browse.\"\u001b[39m\n              \u001b[33mclass\u001b[39m=\u001b[32m\"\n        relative flex flex-col items-center justify-center\n        w-full min-h-[200px] md:min-h-[300px]\n        border-2 border-dashed rounded-lg\n        transition-all duration-200\n        cursor-pointer\n        border-gray-300 hover:border-gray-400\n        \n        focus:outline-none focus:ring-4 focus:ring-blue-500 focus:ring-offset-2\n      \"\u001b[39m\n              \u001b[33mrole\u001b[39m=\u001b[32m\"button\"\u001b[39m\n              \u001b[33mtabindex\u001b[39m=\u001b[32m\"0\"\u001b[39m\n            \u001b[36m>\u001b[39m\n              \u001b[36m<input\u001b[39m\n                \u001b[33maccept\u001b[39m=\u001b[32m\"image/jpeg,image/jpg,image/png,image/gif,image/bmp\"\u001b[39m\n                \u001b[33maria-hidden\u001b[39m=\u001b[32m\"true\"\u001b[39m\n                \u001b[33mclass\u001b[39m=\u001b[32m\"hidden\"\u001b[39m\n                \u001b[33mtype\u001b[39m=\u001b[32m\"file\"\u001b[39m\n              \u001b[36m/>\u001b[39m\n              \u001b[36m<div\u001b[39m\n                \u001b[33mclass\u001b[39m=\u001b[32m\"flex flex-col items-center gap-4 px-4 py-8\"\u001b[39m\n              \u001b[36m>\u001b[39m\n                \u001b[36m<svg\u001b[39m\n                  \u001b[33maria-hidden\u001b[39m=\u001b[32m\"true\"\u001b[39m\n                  \u001b[33mclass\u001b[39m=\u001b[32m\"lucide lucide-upload w-12 h-12 text-gray-400\"\u001b[39m\n                  \u001b[33mfill\u001b[39m=\u001b[32m\"none\"\u001b[39m\n                  \u001b[33mheight\u001b[39m=\u001b[32m\"24\"\u001b[39m\n                  \u001b[33mstroke\u001b[39m=\u001b[32m\"currentColor\"\u001b[39m\n                  \u001b[33mstroke-linecap\u001b[39m=\u001b[32m\"round\"\u001b[39m\n                  \u001b[33mstroke-linejoin\u001b[39m=\u001b[32m\"round\"\u001b[39m\n                  \u001b[33mstroke-width\u001b[39m=\u001b[32m\"2\"\u001b[39m\n                  \u001b[33mviewBox\u001b[39m=\u001b[32m\"0 0 24 24\"\u001b[39m\n                  \u001b[33mwidth\u001b[39m=\u001b[32m\"24\"\u001b[39m\n                  \u001b[33mxmlns\u001b[39m=\u001b[32m\"http://www.w3.org/2000/svg\"\u001b[39m\n                \u001b[36m>\u001b[39m\n                  \u001b[36m<path\u001b[39m\n                    \u001b[33md\u001b[39m=\u001b[32m\"M12 3v12\"\u001b[39m\n                  \u001b[36m/>\u001b[39m\n                  \u001b[36m<path\u001b[39m\n                    \u001b[33md\u001b[39m=\u001b[32m\"m17 8-5-5-5 5\"\u001b[39m\n                  \u001b[36m/>\u001b[39m\n                  \u001b[36m<path\u001b[39m\n                    \u001b[33md\u001b[39m=\u001b[32m\"M21 15v4a2 2 0 0 1-2 2H5a2 2 0 0 1-2-2v-4\"\u001b[39m\n                  \u001b[36m/>\u001b[39m\n                \u001b[36m</svg>\u001b[39m\n                \u001b[36m<div\u001b[39m\n                  \u001b[33mclass\u001b[39m=\u001b[32m\"text-center\"\u001b[39m\n                \u001b[36m>\u001b[39m\n                  \u001b[36m<p\u001b[39m\n                    \u001b[33mclass\u001b[39m=\u001b[32m\"text-lg font-medium text-gray-700\"\u001b[39m\n                  \u001b[36m>\u001b[39m\n                    \u001b[0mDrag image here or click to browse\u001b[0m\n                  \u001b[36m</p>\u001b[39m\n                  \u001b[36m<p\u001b[39m\n                    \u001b[33mclass\u001b[39m=\u001b[32m\"mt-2 text-sm text-gray-500\"\u001b[39m\n                  \u001b[36m>\u001b[39m\n                    \u001b[0mJPG, PNG, GIF, or BMP • Max 10MB\u001b[0m\n                  \u001b[36m</p>\u001b[39m\n                \u001b[36m</div>\u001b[39m\n              \u001b[36m</div>\u001b[39m\n            \u001b[36m</div>\u001b[39m\n          \u001b[36m</div>\u001b[39m\n        \u001b[36m</div>\u001b[39m\n      \u001b[36m</main>\u001b[39m\n      \u001b[36m<footer\u001b[39m\n        \u001b[33mclass\u001b[39m=\u001b[32m\"bg-secondary text-secondary-foreground px-4 py-6 sm:px-6 lg:px-8 border-t border-slate-200 mt-auto\"\u001b[39m\n      \u001b[36m>\u001b[39m\n        \u001b[36m<div\u001b[39m\n          \u001b[33mclass\u001b[39m=\u001b[32m\"container mx-auto text-center text-sm sm:text-base\"\u001b[39m\n        \u001b[36m>\u001b[39m\n          \u001b[36m<p>\u001b[39m\n            \u001b[0m© \u001b[0m\n            \u001b[0m2025\u001b[0m\n            \u001b[0m CraftyPrep. All rights reserved.\u001b[0m\n          \u001b[36m</p>\u001b[39m\n          \u001b[36m<p\u001b[39m\n            \u001b[33mclass\u001b[39m=\u001b[32m\"mt-2 text-muted-foreground\"\u001b[39m\n          \u001b[36m>\u001b[39m\n            \u001b[0mLaser engraving image preparation made simple\u001b[0m\n          \u001b[36m</p>\u001b[39m\n        \u001b[36m</div>\u001b[39m\n      \u001b[36m</footer>\u001b[39m\n    \u001b[36m</div>\u001b[39m\n  \u001b[36m</div>\u001b[39m\n\u001b[36m</body>\u001b[39m\n    at Object.getElementError (/opt/workspaces/craftyprep.com/src/node_modules/@testing-library/dom/dist/config.js:37:19)\n    at getAllByLabelText (/opt/workspaces/craftyprep.com/src/node_modules/@testing-library/dom/dist/queries/label-text.js:111:38)\n    at /opt/workspaces/craftyprep.com/src/node_modules/@testing-library/dom/dist/query-helpers.js:52:17\n    at /opt/workspaces/craftyprep.com/src/node_modules/@testing-library/dom/dist/query-helpers.js:95:19\n    at /opt/workspaces/craftyprep.com/src/tests/integration/AutoPrepFlow.test.tsx:36:32\n    at file:///opt/workspaces/craftyprep.com/src/node_modules/@vitest/runner/dist/chunk-hooks.js:155:11\n    at file:///opt/workspaces/craftyprep.com/src/node_modules/@vitest/runner/dist/chunk-hooks.js:752:26\n    at file:///opt/workspaces/craftyprep.com/src/node_modules/@vitest/runner/dist/chunk-hooks.js:1897:20\n    at new Promise (<anonymous>)\n    at runWithTimeout (file:///opt/workspaces/craftyprep.com/src/node_modules/@vitest/runner/dist/chunk-hooks.js:1863:10)"],"meta":{}},{"ancestorTitles":["Auto-Prep Flow Integration","Complete Workflow"],"fullName":"Auto-Prep Flow Integration Complete Workflow displays original and processed images side-by-side","status":"failed","title":"displays original and processed images side-by-side","duration":38.250281006097794,"failureMessages":["TestingLibraryElementError: Unable to find a label with the text of: /drag image here or click to browse/i\n\nIgnored nodes: comments, script, style\n\u001b[36m<body>\u001b[39m\n  \u001b[36m<div>\u001b[39m\n    \u001b[36m<div\u001b[39m\n      \u001b[33mclass\u001b[39m=\u001b[32m\"min-h-screen flex flex-col bg-background text-foreground\"\u001b[39m\n    \u001b[36m>\u001b[39m\n      \u001b[36m<a\u001b[39m\n        \u001b[33mclass\u001b[39m=\u001b[32m\"sr-only focus:not-sr-only focus:absolute focus:top-0 focus:left-0 focus:z-50 focus:bg-primary focus:text-primary-foreground focus:px-4 focus:py-2 focus:m-2 focus:rounded\"\u001b[39m\n        \u001b[33mhref\u001b[39m=\u001b[32m\"#main-content\"\u001b[39m\n      \u001b[36m>\u001b[39m\n        \u001b[0mSkip to main content\u001b[0m\n      \u001b[36m</a>\u001b[39m\n      \u001b[36m<header\u001b[39m\n        \u001b[33mclass\u001b[39m=\u001b[32m\"bg-primary text-primary-foreground px-4 py-6 sm:px-6 lg:px-8 shadow-md\"\u001b[39m\n      \u001b[36m>\u001b[39m\n        \u001b[36m<div\u001b[39m\n          \u001b[33mclass\u001b[39m=\u001b[32m\"container mx-auto\"\u001b[39m\n        \u001b[36m>\u001b[39m\n          \u001b[36m<h1\u001b[39m\n            \u001b[33mclass\u001b[39m=\u001b[32m\"text-2xl sm:text-3xl lg:text-4xl font-bold\"\u001b[39m\n          \u001b[36m>\u001b[39m\n            \u001b[0mCraftyPrep\u001b[0m\n          \u001b[36m</h1>\u001b[39m\n          \u001b[36m<p\u001b[39m\n            \u001b[33mclass\u001b[39m=\u001b[32m\"text-sm sm:text-base mt-2 opacity-90\"\u001b[39m\n          \u001b[36m>\u001b[39m\n            \u001b[0mLaser Engraving Image Preparation Tool\u001b[0m\n          \u001b[36m</p>\u001b[39m\n        \u001b[36m</div>\u001b[39m\n      \u001b[36m</header>\u001b[39m\n      \u001b[36m<main\u001b[39m\n        \u001b[33mclass\u001b[39m=\u001b[32m\"flex-1 container mx-auto px-4 py-6 sm:px-6 lg:px-8\"\u001b[39m\n        \u001b[33mid\u001b[39m=\u001b[32m\"main-content\"\u001b[39m\n        \u001b[33mrole\u001b[39m=\u001b[32m\"main\"\u001b[39m\n      \u001b[36m>\u001b[39m\n        \u001b[36m<div\u001b[39m\n          \u001b[33mclass\u001b[39m=\u001b[32m\"flex flex-col items-center justify-center space-y-8\"\u001b[39m\n        \u001b[36m>\u001b[39m\n          \u001b[36m<div\u001b[39m\n            \u001b[33mclass\u001b[39m=\u001b[32m\"text-center space-y-4\"\u001b[39m\n          \u001b[36m>\u001b[39m\n            \u001b[36m<h2\u001b[39m\n              \u001b[33mclass\u001b[39m=\u001b[32m\"text-3xl font-bold\"\u001b[39m\n            \u001b[36m>\u001b[39m\n              \u001b[0mWelcome to CraftyPrep\u001b[0m\n            \u001b[36m</h2>\u001b[39m\n            \u001b[36m<p\u001b[39m\n              \u001b[33mclass\u001b[39m=\u001b[32m\"text-lg text-muted-foreground max-w-2xl mx-auto\"\u001b[39m\n            \u001b[36m>\u001b[39m\n              \u001b[0mTransform your images for laser engraving with our powerful image preparation tool.\u001b[0m\n            \u001b[36m</p>\u001b[39m\n          \u001b[36m</div>\u001b[39m\n          \u001b[36m<div\u001b[39m\n            \u001b[33maria-label\u001b[39m=\u001b[32m\"Image upload\"\u001b[39m\n            \u001b[33mclass\u001b[39m=\u001b[32m\"w-full max-w-2xl mx-auto px-4 py-6\"\u001b[39m\n            \u001b[33mrole\u001b[39m=\u001b[32m\"region\"\u001b[39m\n          \u001b[36m>\u001b[39m\n            \u001b[36m<div\u001b[39m\n              \u001b[33maria-busy\u001b[39m=\u001b[32m\"false\"\u001b[39m\n              \u001b[33maria-disabled\u001b[39m=\u001b[32m\"false\"\u001b[39m\n              \u001b[33maria-label\u001b[39m=\u001b[32m\"Upload image file. Drag and drop or press Enter to browse.\"\u001b[39m\n              \u001b[33mclass\u001b[39m=\u001b[32m\"\n        relative flex flex-col items-center justify-center\n        w-full min-h-[200px] md:min-h-[300px]\n        border-2 border-dashed rounded-lg\n        transition-all duration-200\n        cursor-pointer\n        border-gray-300 hover:border-gray-400\n        \n        focus:outline-none focus:ring-4 focus:ring-blue-500 focus:ring-offset-2\n      \"\u001b[39m\n              \u001b[33mrole\u001b[39m=\u001b[32m\"button\"\u001b[39m\n              \u001b[33mtabindex\u001b[39m=\u001b[32m\"0\"\u001b[39m\n            \u001b[36m>\u001b[39m\n              \u001b[36m<input\u001b[39m\n                \u001b[33maccept\u001b[39m=\u001b[32m\"image/jpeg,image/jpg,image/png,image/gif,image/bmp\"\u001b[39m\n                \u001b[33maria-hidden\u001b[39m=\u001b[32m\"true\"\u001b[39m\n                \u001b[33mclass\u001b[39m=\u001b[32m\"hidden\"\u001b[39m\n                \u001b[33mtype\u001b[39m=\u001b[32m\"file\"\u001b[39m\n              \u001b[36m/>\u001b[39m\n              \u001b[36m<div\u001b[39m\n                \u001b[33mclass\u001b[39m=\u001b[32m\"flex flex-col items-center gap-4 px-4 py-8\"\u001b[39m\n              \u001b[36m>\u001b[39m\n                \u001b[36m<svg\u001b[39m\n                  \u001b[33maria-hidden\u001b[39m=\u001b[32m\"true\"\u001b[39m\n                  \u001b[33mclass\u001b[39m=\u001b[32m\"lucide lucide-upload w-12 h-12 text-gray-400\"\u001b[39m\n                  \u001b[33mfill\u001b[39m=\u001b[32m\"none\"\u001b[39m\n                  \u001b[33mheight\u001b[39m=\u001b[32m\"24\"\u001b[39m\n                  \u001b[33mstroke\u001b[39m=\u001b[32m\"currentColor\"\u001b[39m\n                  \u001b[33mstroke-linecap\u001b[39m=\u001b[32m\"round\"\u001b[39m\n                  \u001b[33mstroke-linejoin\u001b[39m=\u001b[32m\"round\"\u001b[39m\n                  \u001b[33mstroke-width\u001b[39m=\u001b[32m\"2\"\u001b[39m\n                  \u001b[33mviewBox\u001b[39m=\u001b[32m\"0 0 24 24\"\u001b[39m\n                  \u001b[33mwidth\u001b[39m=\u001b[32m\"24\"\u001b[39m\n                  \u001b[33mxmlns\u001b[39m=\u001b[32m\"http://www.w3.org/2000/svg\"\u001b[39m\n                \u001b[36m>\u001b[39m\n                  \u001b[36m<path\u001b[39m\n                    \u001b[33md\u001b[39m=\u001b[32m\"M12 3v12\"\u001b[39m\n                  \u001b[36m/>\u001b[39m\n                  \u001b[36m<path\u001b[39m\n                    \u001b[33md\u001b[39m=\u001b[32m\"m17 8-5-5-5 5\"\u001b[39m\n                  \u001b[36m/>\u001b[39m\n                  \u001b[36m<path\u001b[39m\n                    \u001b[33md\u001b[39m=\u001b[32m\"M21 15v4a2 2 0 0 1-2 2H5a2 2 0 0 1-2-2v-4\"\u001b[39m\n                  \u001b[36m/>\u001b[39m\n                \u001b[36m</svg>\u001b[39m\n                \u001b[36m<div\u001b[39m\n                  \u001b[33mclass\u001b[39m=\u001b[32m\"text-center\"\u001b[39m\n                \u001b[36m>\u001b[39m\n                  \u001b[36m<p\u001b[39m\n                    \u001b[33mclass\u001b[39m=\u001b[32m\"text-lg font-medium text-gray-700\"\u001b[39m\n                  \u001b[36m>\u001b[39m\n                    \u001b[0mDrag image here or click to browse\u001b[0m\n                  \u001b[36m</p>\u001b[39m\n                  \u001b[36m<p\u001b[39m\n                    \u001b[33mclass\u001b[39m=\u001b[32m\"mt-2 text-sm text-gray-500\"\u001b[39m\n                  \u001b[36m>\u001b[39m\n                    \u001b[0mJPG, PNG, GIF, or BMP • Max 10MB\u001b[0m\n                  \u001b[36m</p>\u001b[39m\n                \u001b[36m</div>\u001b[39m\n              \u001b[36m</div>\u001b[39m\n            \u001b[36m</div>\u001b[39m\n          \u001b[36m</div>\u001b[39m\n        \u001b[36m</div>\u001b[39m\n      \u001b[36m</main>\u001b[39m\n      \u001b[36m<footer\u001b[39m\n        \u001b[33mclass\u001b[39m=\u001b[32m\"bg-secondary text-secondary-foreground px-4 py-6 sm:px-6 lg:px-8 border-t border-slate-200 mt-auto\"\u001b[39m\n      \u001b[36m>\u001b[39m\n        \u001b[36m<div\u001b[39m\n          \u001b[33mclass\u001b[39m=\u001b[32m\"container mx-auto text-center text-sm sm:text-base\"\u001b[39m\n        \u001b[36m>\u001b[39m\n          \u001b[36m<p>\u001b[39m\n            \u001b[0m© \u001b[0m\n            \u001b[0m2025\u001b[0m\n            \u001b[0m CraftyPrep. All rights reserved.\u001b[0m\n          \u001b[36m</p>\u001b[39m\n          \u001b[36m<p\u001b[39m\n            \u001b[33mclass\u001b[39m=\u001b[32m\"mt-2 text-muted-foreground\"\u001b[39m\n          \u001b[36m>\u001b[39m\n            \u001b[0mLaser engraving image preparation made simple\u001b[0m\n          \u001b[36m</p>\u001b[39m\n        \u001b[36m</div>\u001b[39m\n      \u001b[36m</footer>\u001b[39m\n    \u001b[36m</div>\u001b[39m\n  \u001b[36m</div>\u001b[39m\n\u001b[36m</body>\u001b[39m\n    at Object.getElementError (/opt/workspaces/craftyprep.com/src/node_modules/@testing-library/dom/dist/config.js:37:19)\n    at getAllByLabelText (/opt/workspaces/craftyprep.com/src/node_modules/@testing-library/dom/dist/queries/label-text.js:111:38)\n    at /opt/workspaces/craftyprep.com/src/node_modules/@testing-library/dom/dist/query-helpers.js:52:17\n    at /opt/workspaces/craftyprep.com/src/node_modules/@testing-library/dom/dist/query-helpers.js:95:19\n    at /opt/workspaces/craftyprep.com/src/tests/integration/AutoPrepFlow.test.tsx:72:32\n    at file:///opt/workspaces/craftyprep.com/src/node_modules/@vitest/runner/dist/chunk-hooks.js:155:11\n    at file:///opt/workspaces/craftyprep.com/src/node_modules/@vitest/runner/dist/chunk-hooks.js:752:26\n    at file:///opt/workspaces/craftyprep.com/src/node_modules/@vitest/runner/dist/chunk-hooks.js:1897:20\n    at new Promise (<anonymous>)\n    at runWithTimeout (file:///opt/workspaces/craftyprep.com/src/node_modules/@vitest/runner/dist/chunk-hooks.js:1863:10)"],"meta":{}},{"ancestorTitles":["Auto-Prep Flow Integration","Button States"],"fullName":"Auto-Prep Flow Integration Button States disables button when no image uploaded","status":"passed","title":"disables button when no image uploaded","duration":76.70200699567795,"failureMessages":[],"meta":{}},{"ancestorTitles":["Auto-Prep Flow Integration","Button States"],"fullName":"Auto-Prep Flow Integration Button States enables button after successful upload","status":"failed","title":"enables button after successful upload","duration":39.8534619808197,"failureMessages":["TestingLibraryElementError: Unable to find a label with the text of: /drag image here or click to browse/i\n\nIgnored nodes: comments, script, style\n\u001b[36m<body>\u001b[39m\n  \u001b[36m<div>\u001b[39m\n    \u001b[36m<div\u001b[39m\n      \u001b[33mclass\u001b[39m=\u001b[32m\"min-h-screen flex flex-col bg-background text-foreground\"\u001b[39m\n    \u001b[36m>\u001b[39m\n      \u001b[36m<a\u001b[39m\n        \u001b[33mclass\u001b[39m=\u001b[32m\"sr-only focus:not-sr-only focus:absolute focus:top-0 focus:left-0 focus:z-50 focus:bg-primary focus:text-primary-foreground focus:px-4 focus:py-2 focus:m-2 focus:rounded\"\u001b[39m\n        \u001b[33mhref\u001b[39m=\u001b[32m\"#main-content\"\u001b[39m\n      \u001b[36m>\u001b[39m\n        \u001b[0mSkip to main content\u001b[0m\n      \u001b[36m</a>\u001b[39m\n      \u001b[36m<header\u001b[39m\n        \u001b[33mclass\u001b[39m=\u001b[32m\"bg-primary text-primary-foreground px-4 py-6 sm:px-6 lg:px-8 shadow-md\"\u001b[39m\n      \u001b[36m>\u001b[39m\n        \u001b[36m<div\u001b[39m\n          \u001b[33mclass\u001b[39m=\u001b[32m\"container mx-auto\"\u001b[39m\n        \u001b[36m>\u001b[39m\n          \u001b[36m<h1\u001b[39m\n            \u001b[33mclass\u001b[39m=\u001b[32m\"text-2xl sm:text-3xl lg:text-4xl font-bold\"\u001b[39m\n          \u001b[36m>\u001b[39m\n            \u001b[0mCraftyPrep\u001b[0m\n          \u001b[36m</h1>\u001b[39m\n          \u001b[36m<p\u001b[39m\n            \u001b[33mclass\u001b[39m=\u001b[32m\"text-sm sm:text-base mt-2 opacity-90\"\u001b[39m\n          \u001b[36m>\u001b[39m\n            \u001b[0mLaser Engraving Image Preparation Tool\u001b[0m\n          \u001b[36m</p>\u001b[39m\n        \u001b[36m</div>\u001b[39m\n      \u001b[36m</header>\u001b[39m\n      \u001b[36m<main\u001b[39m\n        \u001b[33mclass\u001b[39m=\u001b[32m\"flex-1 container mx-auto px-4 py-6 sm:px-6 lg:px-8\"\u001b[39m\n        \u001b[33mid\u001b[39m=\u001b[32m\"main-content\"\u001b[39m\n        \u001b[33mrole\u001b[39m=\u001b[32m\"main\"\u001b[39m\n      \u001b[36m>\u001b[39m\n        \u001b[36m<div\u001b[39m\n          \u001b[33mclass\u001b[39m=\u001b[32m\"flex flex-col items-center justify-center space-y-8\"\u001b[39m\n        \u001b[36m>\u001b[39m\n          \u001b[36m<div\u001b[39m\n            \u001b[33mclass\u001b[39m=\u001b[32m\"text-center space-y-4\"\u001b[39m\n          \u001b[36m>\u001b[39m\n            \u001b[36m<h2\u001b[39m\n              \u001b[33mclass\u001b[39m=\u001b[32m\"text-3xl font-bold\"\u001b[39m\n            \u001b[36m>\u001b[39m\n              \u001b[0mWelcome to CraftyPrep\u001b[0m\n            \u001b[36m</h2>\u001b[39m\n            \u001b[36m<p\u001b[39m\n              \u001b[33mclass\u001b[39m=\u001b[32m\"text-lg text-muted-foreground max-w-2xl mx-auto\"\u001b[39m\n            \u001b[36m>\u001b[39m\n              \u001b[0mTransform your images for laser engraving with our powerful image preparation tool.\u001b[0m\n            \u001b[36m</p>\u001b[39m\n          \u001b[36m</div>\u001b[39m\n          \u001b[36m<div\u001b[39m\n            \u001b[33maria-label\u001b[39m=\u001b[32m\"Image upload\"\u001b[39m\n            \u001b[33mclass\u001b[39m=\u001b[32m\"w-full max-w-2xl mx-auto px-4 py-6\"\u001b[39m\n            \u001b[33mrole\u001b[39m=\u001b[32m\"region\"\u001b[39m\n          \u001b[36m>\u001b[39m\n            \u001b[36m<div\u001b[39m\n              \u001b[33maria-busy\u001b[39m=\u001b[32m\"false\"\u001b[39m\n              \u001b[33maria-disabled\u001b[39m=\u001b[32m\"false\"\u001b[39m\n              \u001b[33maria-label\u001b[39m=\u001b[32m\"Upload image file. Drag and drop or press Enter to browse.\"\u001b[39m\n              \u001b[33mclass\u001b[39m=\u001b[32m\"\n        relative flex flex-col items-center justify-center\n        w-full min-h-[200px] md:min-h-[300px]\n        border-2 border-dashed rounded-lg\n        transition-all duration-200\n        cursor-pointer\n        border-gray-300 hover:border-gray-400\n        \n        focus:outline-none focus:ring-4 focus:ring-blue-500 focus:ring-offset-2\n      \"\u001b[39m\n              \u001b[33mrole\u001b[39m=\u001b[32m\"button\"\u001b[39m\n              \u001b[33mtabindex\u001b[39m=\u001b[32m\"0\"\u001b[39m\n            \u001b[36m>\u001b[39m\n              \u001b[36m<input\u001b[39m\n                \u001b[33maccept\u001b[39m=\u001b[32m\"image/jpeg,image/jpg,image/png,image/gif,image/bmp\"\u001b[39m\n                \u001b[33maria-hidden\u001b[39m=\u001b[32m\"true\"\u001b[39m\n                \u001b[33mclass\u001b[39m=\u001b[32m\"hidden\"\u001b[39m\n                \u001b[33mtype\u001b[39m=\u001b[32m\"file\"\u001b[39m\n              \u001b[36m/>\u001b[39m\n              \u001b[36m<div\u001b[39m\n                \u001b[33mclass\u001b[39m=\u001b[32m\"flex flex-col items-center gap-4 px-4 py-8\"\u001b[39m\n              \u001b[36m>\u001b[39m\n                \u001b[36m<svg\u001b[39m\n                  \u001b[33maria-hidden\u001b[39m=\u001b[32m\"true\"\u001b[39m\n                  \u001b[33mclass\u001b[39m=\u001b[32m\"lucide lucide-upload w-12 h-12 text-gray-400\"\u001b[39m\n                  \u001b[33mfill\u001b[39m=\u001b[32m\"none\"\u001b[39m\n                  \u001b[33mheight\u001b[39m=\u001b[32m\"24\"\u001b[39m\n                  \u001b[33mstroke\u001b[39m=\u001b[32m\"currentColor\"\u001b[39m\n                  \u001b[33mstroke-linecap\u001b[39m=\u001b[32m\"round\"\u001b[39m\n                  \u001b[33mstroke-linejoin\u001b[39m=\u001b[32m\"round\"\u001b[39m\n                  \u001b[33mstroke-width\u001b[39m=\u001b[32m\"2\"\u001b[39m\n                  \u001b[33mviewBox\u001b[39m=\u001b[32m\"0 0 24 24\"\u001b[39m\n                  \u001b[33mwidth\u001b[39m=\u001b[32m\"24\"\u001b[39m\n                  \u001b[33mxmlns\u001b[39m=\u001b[32m\"http://www.w3.org/2000/svg\"\u001b[39m\n                \u001b[36m>\u001b[39m\n                  \u001b[36m<path\u001b[39m\n                    \u001b[33md\u001b[39m=\u001b[32m\"M12 3v12\"\u001b[39m\n                  \u001b[36m/>\u001b[39m\n                  \u001b[36m<path\u001b[39m\n                    \u001b[33md\u001b[39m=\u001b[32m\"m17 8-5-5-5 5\"\u001b[39m\n                  \u001b[36m/>\u001b[39m\n                  \u001b[36m<path\u001b[39m\n                    \u001b[33md\u001b[39m=\u001b[32m\"M21 15v4a2 2 0 0 1-2 2H5a2 2 0 0 1-2-2v-4\"\u001b[39m\n                  \u001b[36m/>\u001b[39m\n                \u001b[36m</svg>\u001b[39m\n                \u001b[36m<div\u001b[39m\n                  \u001b[33mclass\u001b[39m=\u001b[32m\"text-center\"\u001b[39m\n                \u001b[36m>\u001b[39m\n                  \u001b[36m<p\u001b[39m\n                    \u001b[33mclass\u001b[39m=\u001b[32m\"text-lg font-medium text-gray-700\"\u001b[39m\n                  \u001b[36m>\u001b[39m\n                    \u001b[0mDrag image here or click to browse\u001b[0m\n                  \u001b[36m</p>\u001b[39m\n                  \u001b[36m<p\u001b[39m\n                    \u001b[33mclass\u001b[39m=\u001b[32m\"mt-2 text-sm text-gray-500\"\u001b[39m\n                  \u001b[36m>\u001b[39m\n                    \u001b[0mJPG, PNG, GIF, or BMP • Max 10MB\u001b[0m\n                  \u001b[36m</p>\u001b[39m\n                \u001b[36m</div>\u001b[39m\n              \u001b[36m</div>\u001b[39m\n            \u001b[36m</div>\u001b[39m\n          \u001b[36m</div>\u001b[39m\n        \u001b[36m</div>\u001b[39m\n      \u001b[36m</main>\u001b[39m\n      \u001b[36m<footer\u001b[39m\n        \u001b[33mclass\u001b[39m=\u001b[32m\"bg-secondary text-secondary-foreground px-4 py-6 sm:px-6 lg:px-8 border-t border-slate-200 mt-auto\"\u001b[39m\n      \u001b[36m>\u001b[39m\n        \u001b[36m<div\u001b[39m\n          \u001b[33mclass\u001b[39m=\u001b[32m\"container mx-auto text-center text-sm sm:text-base\"\u001b[39m\n        \u001b[36m>\u001b[39m\n          \u001b[36m<p>\u001b[39m\n            \u001b[0m© \u001b[0m\n            \u001b[0m2025\u001b[0m\n            \u001b[0m CraftyPrep. All rights reserved.\u001b[0m\n          \u001b[36m</p>\u001b[39m\n          \u001b[36m<p\u001b[39m\n            \u001b[33mclass\u001b[39m=\u001b[32m\"mt-2 text-muted-foreground\"\u001b[39m\n          \u001b[36m>\u001b[39m\n            \u001b[0mLaser engraving image preparation made simple\u001b[0m\n          \u001b[36m</p>\u001b[39m\n        \u001b[36m</div>\u001b[39m\n      \u001b[36m</footer>\u001b[39m\n    \u001b[36m</div>\u001b[39m\n  \u001b[36m</div>\u001b[39m\n\u001b[36m</body>\u001b[39m\n    at Object.getElementError (/opt/workspaces/craftyprep.com/src/node_modules/@testing-library/dom/dist/config.js:37:19)\n    at getAllByLabelText (/opt/workspaces/craftyprep.com/src/node_modules/@testing-library/dom/dist/queries/label-text.js:111:38)\n    at /opt/workspaces/craftyprep.com/src/node_modules/@testing-library/dom/dist/query-helpers.js:52:17\n    at /opt/workspaces/craftyprep.com/src/node_modules/@testing-library/dom/dist/query-helpers.js:95:19\n    at /opt/workspaces/craftyprep.com/src/tests/integration/AutoPrepFlow.test.tsx:114:32\n    at file:///opt/workspaces/craftyprep.com/src/node_modules/@vitest/runner/dist/chunk-hooks.js:155:11\n    at file:///opt/workspaces/craftyprep.com/src/node_modules/@vitest/runner/dist/chunk-hooks.js:752:26\n    at file:///opt/workspaces/craftyprep.com/src/node_modules/@vitest/runner/dist/chunk-hooks.js:1897:20\n    at new Promise (<anonymous>)\n    at runWithTimeout (file:///opt/workspaces/craftyprep.com/src/node_modules/@vitest/runner/dist/chunk-hooks.js:1863:10)"],"meta":{}},{"ancestorTitles":["Auto-Prep Flow Integration","Button States"],"fullName":"Auto-Prep Flow Integration Button States disables button during processing","status":"failed","title":"disables button during processing","duration":58.62900599837303,"failureMessages":["TestingLibraryElementError: Unable to find a label with the text of: /drag image here or click to browse/i\n\nIgnored nodes: comments, script, style\n\u001b[36m<body>\u001b[39m\n  \u001b[36m<div>\u001b[39m\n    \u001b[36m<div\u001b[39m\n      \u001b[33mclass\u001b[39m=\u001b[32m\"min-h-screen flex flex-col bg-background text-foreground\"\u001b[39m\n    \u001b[36m>\u001b[39m\n      \u001b[36m<a\u001b[39m\n        \u001b[33mclass\u001b[39m=\u001b[32m\"sr-only focus:not-sr-only focus:absolute focus:top-0 focus:left-0 focus:z-50 focus:bg-primary focus:text-primary-foreground focus:px-4 focus:py-2 focus:m-2 focus:rounded\"\u001b[39m\n        \u001b[33mhref\u001b[39m=\u001b[32m\"#main-content\"\u001b[39m\n      \u001b[36m>\u001b[39m\n        \u001b[0mSkip to main content\u001b[0m\n      \u001b[36m</a>\u001b[39m\n      \u001b[36m<header\u001b[39m\n        \u001b[33mclass\u001b[39m=\u001b[32m\"bg-primary text-primary-foreground px-4 py-6 sm:px-6 lg:px-8 shadow-md\"\u001b[39m\n      \u001b[36m>\u001b[39m\n        \u001b[36m<div\u001b[39m\n          \u001b[33mclass\u001b[39m=\u001b[32m\"container mx-auto\"\u001b[39m\n        \u001b[36m>\u001b[39m\n          \u001b[36m<h1\u001b[39m\n            \u001b[33mclass\u001b[39m=\u001b[32m\"text-2xl sm:text-3xl lg:text-4xl font-bold\"\u001b[39m\n          \u001b[36m>\u001b[39m\n            \u001b[0mCraftyPrep\u001b[0m\n          \u001b[36m</h1>\u001b[39m\n          \u001b[36m<p\u001b[39m\n            \u001b[33mclass\u001b[39m=\u001b[32m\"text-sm sm:text-base mt-2 opacity-90\"\u001b[39m\n          \u001b[36m>\u001b[39m\n            \u001b[0mLaser Engraving Image Preparation Tool\u001b[0m\n          \u001b[36m</p>\u001b[39m\n        \u001b[36m</div>\u001b[39m\n      \u001b[36m</header>\u001b[39m\n      \u001b[36m<main\u001b[39m\n        \u001b[33mclass\u001b[39m=\u001b[32m\"flex-1 container mx-auto px-4 py-6 sm:px-6 lg:px-8\"\u001b[39m\n        \u001b[33mid\u001b[39m=\u001b[32m\"main-content\"\u001b[39m\n        \u001b[33mrole\u001b[39m=\u001b[32m\"main\"\u001b[39m\n      \u001b[36m>\u001b[39m\n        \u001b[36m<div\u001b[39m\n          \u001b[33mclass\u001b[39m=\u001b[32m\"flex flex-col items-center justify-center space-y-8\"\u001b[39m\n        \u001b[36m>\u001b[39m\n          \u001b[36m<div\u001b[39m\n            \u001b[33mclass\u001b[39m=\u001b[32m\"text-center space-y-4\"\u001b[39m\n          \u001b[36m>\u001b[39m\n            \u001b[36m<h2\u001b[39m\n              \u001b[33mclass\u001b[39m=\u001b[32m\"text-3xl font-bold\"\u001b[39m\n            \u001b[36m>\u001b[39m\n              \u001b[0mWelcome to CraftyPrep\u001b[0m\n            \u001b[36m</h2>\u001b[39m\n            \u001b[36m<p\u001b[39m\n              \u001b[33mclass\u001b[39m=\u001b[32m\"text-lg text-muted-foreground max-w-2xl mx-auto\"\u001b[39m\n            \u001b[36m>\u001b[39m\n              \u001b[0mTransform your images for laser engraving with our powerful image preparation tool.\u001b[0m\n            \u001b[36m</p>\u001b[39m\n          \u001b[36m</div>\u001b[39m\n          \u001b[36m<div\u001b[39m\n            \u001b[33maria-label\u001b[39m=\u001b[32m\"Image upload\"\u001b[39m\n            \u001b[33mclass\u001b[39m=\u001b[32m\"w-full max-w-2xl mx-auto px-4 py-6\"\u001b[39m\n            \u001b[33mrole\u001b[39m=\u001b[32m\"region\"\u001b[39m\n          \u001b[36m>\u001b[39m\n            \u001b[36m<div\u001b[39m\n              \u001b[33maria-busy\u001b[39m=\u001b[32m\"false\"\u001b[39m\n              \u001b[33maria-disabled\u001b[39m=\u001b[32m\"false\"\u001b[39m\n              \u001b[33maria-label\u001b[39m=\u001b[32m\"Upload image file. Drag and drop or press Enter to browse.\"\u001b[39m\n              \u001b[33mclass\u001b[39m=\u001b[32m\"\n        relative flex flex-col items-center justify-center\n        w-full min-h-[200px] md:min-h-[300px]\n        border-2 border-dashed rounded-lg\n        transition-all duration-200\n        cursor-pointer\n        border-gray-300 hover:border-gray-400\n        \n        focus:outline-none focus:ring-4 focus:ring-blue-500 focus:ring-offset-2\n      \"\u001b[39m\n              \u001b[33mrole\u001b[39m=\u001b[32m\"button\"\u001b[39m\n              \u001b[33mtabindex\u001b[39m=\u001b[32m\"0\"\u001b[39m\n            \u001b[36m>\u001b[39m\n              \u001b[36m<input\u001b[39m\n                \u001b[33maccept\u001b[39m=\u001b[32m\"image/jpeg,image/jpg,image/png,image/gif,image/bmp\"\u001b[39m\n                \u001b[33maria-hidden\u001b[39m=\u001b[32m\"true\"\u001b[39m\n                \u001b[33mclass\u001b[39m=\u001b[32m\"hidden\"\u001b[39m\n                \u001b[33mtype\u001b[39m=\u001b[32m\"file\"\u001b[39m\n              \u001b[36m/>\u001b[39m\n              \u001b[36m<div\u001b[39m\n                \u001b[33mclass\u001b[39m=\u001b[32m\"flex flex-col items-center gap-4 px-4 py-8\"\u001b[39m\n              \u001b[36m>\u001b[39m\n                \u001b[36m<svg\u001b[39m\n                  \u001b[33maria-hidden\u001b[39m=\u001b[32m\"true\"\u001b[39m\n                  \u001b[33mclass\u001b[39m=\u001b[32m\"lucide lucide-upload w-12 h-12 text-gray-400\"\u001b[39m\n                  \u001b[33mfill\u001b[39m=\u001b[32m\"none\"\u001b[39m\n                  \u001b[33mheight\u001b[39m=\u001b[32m\"24\"\u001b[39m\n                  \u001b[33mstroke\u001b[39m=\u001b[32m\"currentColor\"\u001b[39m\n                  \u001b[33mstroke-linecap\u001b[39m=\u001b[32m\"round\"\u001b[39m\n                  \u001b[33mstroke-linejoin\u001b[39m=\u001b[32m\"round\"\u001b[39m\n                  \u001b[33mstroke-width\u001b[39m=\u001b[32m\"2\"\u001b[39m\n                  \u001b[33mviewBox\u001b[39m=\u001b[32m\"0 0 24 24\"\u001b[39m\n                  \u001b[33mwidth\u001b[39m=\u001b[32m\"24\"\u001b[39m\n                  \u001b[33mxmlns\u001b[39m=\u001b[32m\"http://www.w3.org/2000/svg\"\u001b[39m\n                \u001b[36m>\u001b[39m\n                  \u001b[36m<path\u001b[39m\n                    \u001b[33md\u001b[39m=\u001b[32m\"M12 3v12\"\u001b[39m\n                  \u001b[36m/>\u001b[39m\n                  \u001b[36m<path\u001b[39m\n                    \u001b[33md\u001b[39m=\u001b[32m\"m17 8-5-5-5 5\"\u001b[39m\n                  \u001b[36m/>\u001b[39m\n                  \u001b[36m<path\u001b[39m\n                    \u001b[33md\u001b[39m=\u001b[32m\"M21 15v4a2 2 0 0 1-2 2H5a2 2 0 0 1-2-2v-4\"\u001b[39m\n                  \u001b[36m/>\u001b[39m\n                \u001b[36m</svg>\u001b[39m\n                \u001b[36m<div\u001b[39m\n                  \u001b[33mclass\u001b[39m=\u001b[32m\"text-center\"\u001b[39m\n                \u001b[36m>\u001b[39m\n                  \u001b[36m<p\u001b[39m\n                    \u001b[33mclass\u001b[39m=\u001b[32m\"text-lg font-medium text-gray-700\"\u001b[39m\n                  \u001b[36m>\u001b[39m\n                    \u001b[0mDrag image here or click to browse\u001b[0m\n                  \u001b[36m</p>\u001b[39m\n                  \u001b[36m<p\u001b[39m\n                    \u001b[33mclass\u001b[39m=\u001b[32m\"mt-2 text-sm text-gray-500\"\u001b[39m\n                  \u001b[36m>\u001b[39m\n                    \u001b[0mJPG, PNG, GIF, or BMP • Max 10MB\u001b[0m\n                  \u001b[36m</p>\u001b[39m\n                \u001b[36m</div>\u001b[39m\n              \u001b[36m</div>\u001b[39m\n            \u001b[36m</div>\u001b[39m\n          \u001b[36m</div>\u001b[39m\n        \u001b[36m</div>\u001b[39m\n      \u001b[36m</main>\u001b[39m\n      \u001b[36m<footer\u001b[39m\n        \u001b[33mclass\u001b[39m=\u001b[32m\"bg-secondary text-secondary-foreground px-4 py-6 sm:px-6 lg:px-8 border-t border-slate-200 mt-auto\"\u001b[39m\n      \u001b[36m>\u001b[39m\n        \u001b[36m<div\u001b[39m\n          \u001b[33mclass\u001b[39m=\u001b[32m\"container mx-auto text-center text-sm sm:text-base\"\u001b[39m\n        \u001b[36m>\u001b[39m\n          \u001b[36m<p>\u001b[39m\n            \u001b[0m© \u001b[0m\n            \u001b[0m2025\u001b[0m\n            \u001b[0m CraftyPrep. All rights reserved.\u001b[0m\n          \u001b[36m</p>\u001b[39m\n          \u001b[36m<p\u001b[39m\n            \u001b[33mclass\u001b[39m=\u001b[32m\"mt-2 text-muted-foreground\"\u001b[39m\n          \u001b[36m>\u001b[39m\n            \u001b[0mLaser engraving image preparation made simple\u001b[0m\n          \u001b[36m</p>\u001b[39m\n        \u001b[36m</div>\u001b[39m\n      \u001b[36m</footer>\u001b[39m\n    \u001b[36m</div>\u001b[39m\n  \u001b[36m</div>\u001b[39m\n\u001b[36m</body>\u001b[39m\n    at Object.getElementError (/opt/workspaces/craftyprep.com/src/node_modules/@testing-library/dom/dist/config.js:37:19)\n    at getAllByLabelText (/opt/workspaces/craftyprep.com/src/node_modules/@testing-library/dom/dist/queries/label-text.js:111:38)\n    at /opt/workspaces/craftyprep.com/src/node_modules/@testing-library/dom/dist/query-helpers.js:52:17\n    at /opt/workspaces/craftyprep.com/src/node_modules/@testing-library/dom/dist/query-helpers.js:95:19\n    at /opt/workspaces/craftyprep.com/src/tests/integration/AutoPrepFlow.test.tsx:127:32\n    at file:///opt/workspaces/craftyprep.com/src/node_modules/@vitest/runner/dist/chunk-hooks.js:155:11\n    at file:///opt/workspaces/craftyprep.com/src/node_modules/@vitest/runner/dist/chunk-hooks.js:752:26\n    at file:///opt/workspaces/craftyprep.com/src/node_modules/@vitest/runner/dist/chunk-hooks.js:1897:20\n    at new Promise (<anonymous>)\n    at runWithTimeout (file:///opt/workspaces/craftyprep.com/src/node_modules/@vitest/runner/dist/chunk-hooks.js:1863:10)"],"meta":{}},{"ancestorTitles":["Auto-Prep Flow Integration","Processing Performance"],"fullName":"Auto-Prep Flow Integration Processing Performance completes processing within 5 seconds for small image","status":"failed","title":"completes processing within 5 seconds for small image","duration":28.635822981595993,"failureMessages":["TestingLibraryElementError: Unable to find a label with the text of: /drag image here or click to browse/i\n\nIgnored nodes: comments, script, style\n\u001b[36m<body>\u001b[39m\n  \u001b[36m<div>\u001b[39m\n    \u001b[36m<div\u001b[39m\n      \u001b[33mclass\u001b[39m=\u001b[32m\"min-h-screen flex flex-col bg-background text-foreground\"\u001b[39m\n    \u001b[36m>\u001b[39m\n      \u001b[36m<a\u001b[39m\n        \u001b[33mclass\u001b[39m=\u001b[32m\"sr-only focus:not-sr-only focus:absolute focus:top-0 focus:left-0 focus:z-50 focus:bg-primary focus:text-primary-foreground focus:px-4 focus:py-2 focus:m-2 focus:rounded\"\u001b[39m\n        \u001b[33mhref\u001b[39m=\u001b[32m\"#main-content\"\u001b[39m\n      \u001b[36m>\u001b[39m\n        \u001b[0mSkip to main content\u001b[0m\n      \u001b[36m</a>\u001b[39m\n      \u001b[36m<header\u001b[39m\n        \u001b[33mclass\u001b[39m=\u001b[32m\"bg-primary text-primary-foreground px-4 py-6 sm:px-6 lg:px-8 shadow-md\"\u001b[39m\n      \u001b[36m>\u001b[39m\n        \u001b[36m<div\u001b[39m\n          \u001b[33mclass\u001b[39m=\u001b[32m\"container mx-auto\"\u001b[39m\n        \u001b[36m>\u001b[39m\n          \u001b[36m<h1\u001b[39m\n            \u001b[33mclass\u001b[39m=\u001b[32m\"text-2xl sm:text-3xl lg:text-4xl font-bold\"\u001b[39m\n          \u001b[36m>\u001b[39m\n            \u001b[0mCraftyPrep\u001b[0m\n          \u001b[36m</h1>\u001b[39m\n          \u001b[36m<p\u001b[39m\n            \u001b[33mclass\u001b[39m=\u001b[32m\"text-sm sm:text-base mt-2 opacity-90\"\u001b[39m\n          \u001b[36m>\u001b[39m\n            \u001b[0mLaser Engraving Image Preparation Tool\u001b[0m\n          \u001b[36m</p>\u001b[39m\n        \u001b[36m</div>\u001b[39m\n      \u001b[36m</header>\u001b[39m\n      \u001b[36m<main\u001b[39m\n        \u001b[33mclass\u001b[39m=\u001b[32m\"flex-1 container mx-auto px-4 py-6 sm:px-6 lg:px-8\"\u001b[39m\n        \u001b[33mid\u001b[39m=\u001b[32m\"main-content\"\u001b[39m\n        \u001b[33mrole\u001b[39m=\u001b[32m\"main\"\u001b[39m\n      \u001b[36m>\u001b[39m\n        \u001b[36m<div\u001b[39m\n          \u001b[33mclass\u001b[39m=\u001b[32m\"flex flex-col items-center justify-center space-y-8\"\u001b[39m\n        \u001b[36m>\u001b[39m\n          \u001b[36m<div\u001b[39m\n            \u001b[33mclass\u001b[39m=\u001b[32m\"text-center space-y-4\"\u001b[39m\n          \u001b[36m>\u001b[39m\n            \u001b[36m<h2\u001b[39m\n              \u001b[33mclass\u001b[39m=\u001b[32m\"text-3xl font-bold\"\u001b[39m\n            \u001b[36m>\u001b[39m\n              \u001b[0mWelcome to CraftyPrep\u001b[0m\n            \u001b[36m</h2>\u001b[39m\n            \u001b[36m<p\u001b[39m\n              \u001b[33mclass\u001b[39m=\u001b[32m\"text-lg text-muted-foreground max-w-2xl mx-auto\"\u001b[39m\n            \u001b[36m>\u001b[39m\n              \u001b[0mTransform your images for laser engraving with our powerful image preparation tool.\u001b[0m\n            \u001b[36m</p>\u001b[39m\n          \u001b[36m</div>\u001b[39m\n          \u001b[36m<div\u001b[39m\n            \u001b[33maria-label\u001b[39m=\u001b[32m\"Image upload\"\u001b[39m\n            \u001b[33mclass\u001b[39m=\u001b[32m\"w-full max-w-2xl mx-auto px-4 py-6\"\u001b[39m\n            \u001b[33mrole\u001b[39m=\u001b[32m\"region\"\u001b[39m\n          \u001b[36m>\u001b[39m\n            \u001b[36m<div\u001b[39m\n              \u001b[33maria-busy\u001b[39m=\u001b[32m\"false\"\u001b[39m\n              \u001b[33maria-disabled\u001b[39m=\u001b[32m\"false\"\u001b[39m\n              \u001b[33maria-label\u001b[39m=\u001b[32m\"Upload image file. Drag and drop or press Enter to browse.\"\u001b[39m\n              \u001b[33mclass\u001b[39m=\u001b[32m\"\n        relative flex flex-col items-center justify-center\n        w-full min-h-[200px] md:min-h-[300px]\n        border-2 border-dashed rounded-lg\n        transition-all duration-200\n        cursor-pointer\n        border-gray-300 hover:border-gray-400\n        \n        focus:outline-none focus:ring-4 focus:ring-blue-500 focus:ring-offset-2\n      \"\u001b[39m\n              \u001b[33mrole\u001b[39m=\u001b[32m\"button\"\u001b[39m\n              \u001b[33mtabindex\u001b[39m=\u001b[32m\"0\"\u001b[39m\n            \u001b[36m>\u001b[39m\n              \u001b[36m<input\u001b[39m\n                \u001b[33maccept\u001b[39m=\u001b[32m\"image/jpeg,image/jpg,image/png,image/gif,image/bmp\"\u001b[39m\n                \u001b[33maria-hidden\u001b[39m=\u001b[32m\"true\"\u001b[39m\n                \u001b[33mclass\u001b[39m=\u001b[32m\"hidden\"\u001b[39m\n                \u001b[33mtype\u001b[39m=\u001b[32m\"file\"\u001b[39m\n              \u001b[36m/>\u001b[39m\n              \u001b[36m<div\u001b[39m\n                \u001b[33mclass\u001b[39m=\u001b[32m\"flex flex-col items-center gap-4 px-4 py-8\"\u001b[39m\n              \u001b[36m>\u001b[39m\n                \u001b[36m<svg\u001b[39m\n                  \u001b[33maria-hidden\u001b[39m=\u001b[32m\"true\"\u001b[39m\n                  \u001b[33mclass\u001b[39m=\u001b[32m\"lucide lucide-upload w-12 h-12 text-gray-400\"\u001b[39m\n                  \u001b[33mfill\u001b[39m=\u001b[32m\"none\"\u001b[39m\n                  \u001b[33mheight\u001b[39m=\u001b[32m\"24\"\u001b[39m\n                  \u001b[33mstroke\u001b[39m=\u001b[32m\"currentColor\"\u001b[39m\n                  \u001b[33mstroke-linecap\u001b[39m=\u001b[32m\"round\"\u001b[39m\n                  \u001b[33mstroke-linejoin\u001b[39m=\u001b[32m\"round\"\u001b[39m\n                  \u001b[33mstroke-width\u001b[39m=\u001b[32m\"2\"\u001b[39m\n                  \u001b[33mviewBox\u001b[39m=\u001b[32m\"0 0 24 24\"\u001b[39m\n                  \u001b[33mwidth\u001b[39m=\u001b[32m\"24\"\u001b[39m\n                  \u001b[33mxmlns\u001b[39m=\u001b[32m\"http://www.w3.org/2000/svg\"\u001b[39m\n                \u001b[36m>\u001b[39m\n                  \u001b[36m<path\u001b[39m\n                    \u001b[33md\u001b[39m=\u001b[32m\"M12 3v12\"\u001b[39m\n                  \u001b[36m/>\u001b[39m\n                  \u001b[36m<path\u001b[39m\n                    \u001b[33md\u001b[39m=\u001b[32m\"m17 8-5-5-5 5\"\u001b[39m\n                  \u001b[36m/>\u001b[39m\n                  \u001b[36m<path\u001b[39m\n                    \u001b[33md\u001b[39m=\u001b[32m\"M21 15v4a2 2 0 0 1-2 2H5a2 2 0 0 1-2-2v-4\"\u001b[39m\n                  \u001b[36m/>\u001b[39m\n                \u001b[36m</svg>\u001b[39m\n                \u001b[36m<div\u001b[39m\n                  \u001b[33mclass\u001b[39m=\u001b[32m\"text-center\"\u001b[39m\n                \u001b[36m>\u001b[39m\n                  \u001b[36m<p\u001b[39m\n                    \u001b[33mclass\u001b[39m=\u001b[32m\"text-lg font-medium text-gray-700\"\u001b[39m\n                  \u001b[36m>\u001b[39m\n                    \u001b[0mDrag image here or click to browse\u001b[0m\n                  \u001b[36m</p>\u001b[39m\n                  \u001b[36m<p\u001b[39m\n                    \u001b[33mclass\u001b[39m=\u001b[32m\"mt-2 text-sm text-gray-500\"\u001b[39m\n                  \u001b[36m>\u001b[39m\n                    \u001b[0mJPG, PNG, GIF, or BMP • Max 10MB\u001b[0m\n                  \u001b[36m</p>\u001b[39m\n                \u001b[36m</div>\u001b[39m\n              \u001b[36m</div>\u001b[39m\n            \u001b[36m</div>\u001b[39m\n          \u001b[36m</div>\u001b[39m\n        \u001b[36m</div>\u001b[39m\n      \u001b[36m</main>\u001b[39m\n      \u001b[36m<footer\u001b[39m\n        \u001b[33mclass\u001b[39m=\u001b[32m\"bg-secondary text-secondary-foreground px-4 py-6 sm:px-6 lg:px-8 border-t border-slate-200 mt-auto\"\u001b[39m\n      \u001b[36m>\u001b[39m\n        \u001b[36m<div\u001b[39m\n          \u001b[33mclass\u001b[39m=\u001b[32m\"container mx-auto text-center text-sm sm:text-base\"\u001b[39m\n        \u001b[36m>\u001b[39m\n          \u001b[36m<p>\u001b[39m\n            \u001b[0m© \u001b[0m\n            \u001b[0m2025\u001b[0m\n            \u001b[0m CraftyPrep. All rights reserved.\u001b[0m\n          \u001b[36m</p>\u001b[39m\n          \u001b[36m<p\u001b[39m\n            \u001b[33mclass\u001b[39m=\u001b[32m\"mt-2 text-muted-foreground\"\u001b[39m\n          \u001b[36m>\u001b[39m\n            \u001b[0mLaser engraving image preparation made simple\u001b[0m\n          \u001b[36m</p>\u001b[39m\n        \u001b[36m</div>\u001b[39m\n      \u001b[36m</footer>\u001b[39m\n    \u001b[36m</div>\u001b[39m\n  \u001b[36m</div>\u001b[39m\n\u001b[36m</body>\u001b[39m\n    at Object.getElementError (/opt/workspaces/craftyprep.com/src/node_modules/@testing-library/dom/dist/config.js:37:19)\n    at getAllByLabelText (/opt/workspaces/craftyprep.com/src/node_modules/@testing-library/dom/dist/queries/label-text.js:111:38)\n    at /opt/workspaces/craftyprep.com/src/node_modules/@testing-library/dom/dist/query-helpers.js:52:17\n    at /opt/workspaces/craftyprep.com/src/node_modules/@testing-library/dom/dist/query-helpers.js:95:19\n    at /opt/workspaces/craftyprep.com/src/tests/integration/AutoPrepFlow.test.tsx:151:32\n    at file:///opt/workspaces/craftyprep.com/src/node_modules/@vitest/runner/dist/chunk-hooks.js:155:11\n    at file:///opt/workspaces/craftyprep.com/src/node_modules/@vitest/runner/dist/chunk-hooks.js:752:26\n    at file:///opt/workspaces/craftyprep.com/src/node_modules/@vitest/runner/dist/chunk-hooks.js:1897:20\n    at new Promise (<anonymous>)\n    at runWithTimeout (file:///opt/workspaces/craftyprep.com/src/node_modules/@vitest/runner/dist/chunk-hooks.js:1863:10)"],"meta":{}},{"ancestorTitles":["Auto-Prep Flow Integration","Processing Performance"],"fullName":"Auto-Prep Flow Integration Processing Performance updates UI smoothly without freezing","status":"failed","title":"updates UI smoothly without freezing","duration":24.989450991153717,"failureMessages":["TestingLibraryElementError: Unable to find a label with the text of: /drag image here or click to browse/i\n\nIgnored nodes: comments, script, style\n\u001b[36m<body>\u001b[39m\n  \u001b[36m<div>\u001b[39m\n    \u001b[36m<div\u001b[39m\n      \u001b[33mclass\u001b[39m=\u001b[32m\"min-h-screen flex flex-col bg-background text-foreground\"\u001b[39m\n    \u001b[36m>\u001b[39m\n      \u001b[36m<a\u001b[39m\n        \u001b[33mclass\u001b[39m=\u001b[32m\"sr-only focus:not-sr-only focus:absolute focus:top-0 focus:left-0 focus:z-50 focus:bg-primary focus:text-primary-foreground focus:px-4 focus:py-2 focus:m-2 focus:rounded\"\u001b[39m\n        \u001b[33mhref\u001b[39m=\u001b[32m\"#main-content\"\u001b[39m\n      \u001b[36m>\u001b[39m\n        \u001b[0mSkip to main content\u001b[0m\n      \u001b[36m</a>\u001b[39m\n      \u001b[36m<header\u001b[39m\n        \u001b[33mclass\u001b[39m=\u001b[32m\"bg-primary text-primary-foreground px-4 py-6 sm:px-6 lg:px-8 shadow-md\"\u001b[39m\n      \u001b[36m>\u001b[39m\n        \u001b[36m<div\u001b[39m\n          \u001b[33mclass\u001b[39m=\u001b[32m\"container mx-auto\"\u001b[39m\n        \u001b[36m>\u001b[39m\n          \u001b[36m<h1\u001b[39m\n            \u001b[33mclass\u001b[39m=\u001b[32m\"text-2xl sm:text-3xl lg:text-4xl font-bold\"\u001b[39m\n          \u001b[36m>\u001b[39m\n            \u001b[0mCraftyPrep\u001b[0m\n          \u001b[36m</h1>\u001b[39m\n          \u001b[36m<p\u001b[39m\n            \u001b[33mclass\u001b[39m=\u001b[32m\"text-sm sm:text-base mt-2 opacity-90\"\u001b[39m\n          \u001b[36m>\u001b[39m\n            \u001b[0mLaser Engraving Image Preparation Tool\u001b[0m\n          \u001b[36m</p>\u001b[39m\n        \u001b[36m</div>\u001b[39m\n      \u001b[36m</header>\u001b[39m\n      \u001b[36m<main\u001b[39m\n        \u001b[33mclass\u001b[39m=\u001b[32m\"flex-1 container mx-auto px-4 py-6 sm:px-6 lg:px-8\"\u001b[39m\n        \u001b[33mid\u001b[39m=\u001b[32m\"main-content\"\u001b[39m\n        \u001b[33mrole\u001b[39m=\u001b[32m\"main\"\u001b[39m\n      \u001b[36m>\u001b[39m\n        \u001b[36m<div\u001b[39m\n          \u001b[33mclass\u001b[39m=\u001b[32m\"flex flex-col items-center justify-center space-y-8\"\u001b[39m\n        \u001b[36m>\u001b[39m\n          \u001b[36m<div\u001b[39m\n            \u001b[33mclass\u001b[39m=\u001b[32m\"text-center space-y-4\"\u001b[39m\n          \u001b[36m>\u001b[39m\n            \u001b[36m<h2\u001b[39m\n              \u001b[33mclass\u001b[39m=\u001b[32m\"text-3xl font-bold\"\u001b[39m\n            \u001b[36m>\u001b[39m\n              \u001b[0mWelcome to CraftyPrep\u001b[0m\n            \u001b[36m</h2>\u001b[39m\n            \u001b[36m<p\u001b[39m\n              \u001b[33mclass\u001b[39m=\u001b[32m\"text-lg text-muted-foreground max-w-2xl mx-auto\"\u001b[39m\n            \u001b[36m>\u001b[39m\n              \u001b[0mTransform your images for laser engraving with our powerful image preparation tool.\u001b[0m\n            \u001b[36m</p>\u001b[39m\n          \u001b[36m</div>\u001b[39m\n          \u001b[36m<div\u001b[39m\n            \u001b[33maria-label\u001b[39m=\u001b[32m\"Image upload\"\u001b[39m\n            \u001b[33mclass\u001b[39m=\u001b[32m\"w-full max-w-2xl mx-auto px-4 py-6\"\u001b[39m\n            \u001b[33mrole\u001b[39m=\u001b[32m\"region\"\u001b[39m\n          \u001b[36m>\u001b[39m\n            \u001b[36m<div\u001b[39m\n              \u001b[33maria-busy\u001b[39m=\u001b[32m\"false\"\u001b[39m\n              \u001b[33maria-disabled\u001b[39m=\u001b[32m\"false\"\u001b[39m\n              \u001b[33maria-label\u001b[39m=\u001b[32m\"Upload image file. Drag and drop or press Enter to browse.\"\u001b[39m\n              \u001b[33mclass\u001b[39m=\u001b[32m\"\n        relative flex flex-col items-center justify-center\n        w-full min-h-[200px] md:min-h-[300px]\n        border-2 border-dashed rounded-lg\n        transition-all duration-200\n        cursor-pointer\n        border-gray-300 hover:border-gray-400\n        \n        focus:outline-none focus:ring-4 focus:ring-blue-500 focus:ring-offset-2\n      \"\u001b[39m\n              \u001b[33mrole\u001b[39m=\u001b[32m\"button\"\u001b[39m\n              \u001b[33mtabindex\u001b[39m=\u001b[32m\"0\"\u001b[39m\n            \u001b[36m>\u001b[39m\n              \u001b[36m<input\u001b[39m\n                \u001b[33maccept\u001b[39m=\u001b[32m\"image/jpeg,image/jpg,image/png,image/gif,image/bmp\"\u001b[39m\n                \u001b[33maria-hidden\u001b[39m=\u001b[32m\"true\"\u001b[39m\n                \u001b[33mclass\u001b[39m=\u001b[32m\"hidden\"\u001b[39m\n                \u001b[33mtype\u001b[39m=\u001b[32m\"file\"\u001b[39m\n              \u001b[36m/>\u001b[39m\n              \u001b[36m<div\u001b[39m\n                \u001b[33mclass\u001b[39m=\u001b[32m\"flex flex-col items-center gap-4 px-4 py-8\"\u001b[39m\n              \u001b[36m>\u001b[39m\n                \u001b[36m<svg\u001b[39m\n                  \u001b[33maria-hidden\u001b[39m=\u001b[32m\"true\"\u001b[39m\n                  \u001b[33mclass\u001b[39m=\u001b[32m\"lucide lucide-upload w-12 h-12 text-gray-400\"\u001b[39m\n                  \u001b[33mfill\u001b[39m=\u001b[32m\"none\"\u001b[39m\n                  \u001b[33mheight\u001b[39m=\u001b[32m\"24\"\u001b[39m\n                  \u001b[33mstroke\u001b[39m=\u001b[32m\"currentColor\"\u001b[39m\n                  \u001b[33mstroke-linecap\u001b[39m=\u001b[32m\"round\"\u001b[39m\n                  \u001b[33mstroke-linejoin\u001b[39m=\u001b[32m\"round\"\u001b[39m\n                  \u001b[33mstroke-width\u001b[39m=\u001b[32m\"2\"\u001b[39m\n                  \u001b[33mviewBox\u001b[39m=\u001b[32m\"0 0 24 24\"\u001b[39m\n                  \u001b[33mwidth\u001b[39m=\u001b[32m\"24\"\u001b[39m\n                  \u001b[33mxmlns\u001b[39m=\u001b[32m\"http://www.w3.org/2000/svg\"\u001b[39m\n                \u001b[36m>\u001b[39m\n                  \u001b[36m<path\u001b[39m\n                    \u001b[33md\u001b[39m=\u001b[32m\"M12 3v12\"\u001b[39m\n                  \u001b[36m/>\u001b[39m\n                  \u001b[36m<path\u001b[39m\n                    \u001b[33md\u001b[39m=\u001b[32m\"m17 8-5-5-5 5\"\u001b[39m\n                  \u001b[36m/>\u001b[39m\n                  \u001b[36m<path\u001b[39m\n                    \u001b[33md\u001b[39m=\u001b[32m\"M21 15v4a2 2 0 0 1-2 2H5a2 2 0 0 1-2-2v-4\"\u001b[39m\n                  \u001b[36m/>\u001b[39m\n                \u001b[36m</svg>\u001b[39m\n                \u001b[36m<div\u001b[39m\n                  \u001b[33mclass\u001b[39m=\u001b[32m\"text-center\"\u001b[39m\n                \u001b[36m>\u001b[39m\n                  \u001b[36m<p\u001b[39m\n                    \u001b[33mclass\u001b[39m=\u001b[32m\"text-lg font-medium text-gray-700\"\u001b[39m\n                  \u001b[36m>\u001b[39m\n                    \u001b[0mDrag image here or click to browse\u001b[0m\n                  \u001b[36m</p>\u001b[39m\n                  \u001b[36m<p\u001b[39m\n                    \u001b[33mclass\u001b[39m=\u001b[32m\"mt-2 text-sm text-gray-500\"\u001b[39m\n                  \u001b[36m>\u001b[39m\n                    \u001b[0mJPG, PNG, GIF, or BMP • Max 10MB\u001b[0m\n                  \u001b[36m</p>\u001b[39m\n                \u001b[36m</div>\u001b[39m\n              \u001b[36m</div>\u001b[39m\n            \u001b[36m</div>\u001b[39m\n          \u001b[36m</div>\u001b[39m\n        \u001b[36m</div>\u001b[39m\n      \u001b[36m</main>\u001b[39m\n      \u001b[36m<footer\u001b[39m\n        \u001b[33mclass\u001b[39m=\u001b[32m\"bg-secondary text-secondary-foreground px-4 py-6 sm:px-6 lg:px-8 border-t border-slate-200 mt-auto\"\u001b[39m\n      \u001b[36m>\u001b[39m\n        \u001b[36m<div\u001b[39m\n          \u001b[33mclass\u001b[39m=\u001b[32m\"container mx-auto text-center text-sm sm:text-base\"\u001b[39m\n        \u001b[36m>\u001b[39m\n          \u001b[36m<p>\u001b[39m\n            \u001b[0m© \u001b[0m\n            \u001b[0m2025\u001b[0m\n            \u001b[0m CraftyPrep. All rights reserved.\u001b[0m\n          \u001b[36m</p>\u001b[39m\n          \u001b[36m<p\u001b[39m\n            \u001b[33mclass\u001b[39m=\u001b[32m\"mt-2 text-muted-foreground\"\u001b[39m\n          \u001b[36m>\u001b[39m\n            \u001b[0mLaser engraving image preparation made simple\u001b[0m\n          \u001b[36m</p>\u001b[39m\n        \u001b[36m</div>\u001b[39m\n      \u001b[36m</footer>\u001b[39m\n    \u001b[36m</div>\u001b[39m\n  \u001b[36m</div>\u001b[39m\n\u001b[36m</body>\u001b[39m\n    at Object.getElementError (/opt/workspaces/craftyprep.com/src/node_modules/@testing-library/dom/dist/config.js:37:19)\n    at getAllByLabelText (/opt/workspaces/craftyprep.com/src/node_modules/@testing-library/dom/dist/queries/label-text.js:111:38)\n    at /opt/workspaces/craftyprep.com/src/node_modules/@testing-library/dom/dist/query-helpers.js:52:17\n    at /opt/workspaces/craftyprep.com/src/node_modules/@testing-library/dom/dist/query-helpers.js:95:19\n    at /opt/workspaces/craftyprep.com/src/tests/integration/AutoPrepFlow.test.tsx:180:32\n    at file:///opt/workspaces/craftyprep.com/src/node_modules/@vitest/runner/dist/chunk-hooks.js:155:11\n    at file:///opt/workspaces/craftyprep.com/src/node_modules/@vitest/runner/dist/chunk-hooks.js:752:26\n    at file:///opt/workspaces/craftyprep.com/src/node_modules/@vitest/runner/dist/chunk-hooks.js:1897:20\n    at new Promise (<anonymous>)\n    at runWithTimeout (file:///opt/workspaces/craftyprep.com/src/node_modules/@vitest/runner/dist/chunk-hooks.js:1863:10)"],"meta":{}},{"ancestorTitles":["Auto-Prep Flow Integration","Error Scenarios"],"fullName":"Auto-Prep Flow Integration Error Scenarios displays error message on processing failure","status":"passed","title":"displays error message on processing failure","duration":3.0530200004577637,"failureMessages":[],"meta":{}},{"ancestorTitles":["Auto-Prep Flow Integration","Error Scenarios"],"fullName":"Auto-Prep Flow Integration Error Scenarios recovers from error on next successful run","status":"passed","title":"recovers from error on next successful run","duration":1.1246089935302734,"failureMessages":[],"meta":{}},{"ancestorTitles":["Auto-Prep Flow Integration","Multiple Processing Runs"],"fullName":"Auto-Prep Flow Integration Multiple Processing Runs handles multiple auto-prep clicks correctly","status":"failed","title":"handles multiple auto-prep clicks correctly","duration":27.807781994342804,"failureMessages":["TestingLibraryElementError: Unable to find a label with the text of: /drag image here or click to browse/i\n\nIgnored nodes: comments, script, style\n\u001b[36m<body>\u001b[39m\n  \u001b[36m<div>\u001b[39m\n    \u001b[36m<div\u001b[39m\n      \u001b[33mclass\u001b[39m=\u001b[32m\"min-h-screen flex flex-col bg-background text-foreground\"\u001b[39m\n    \u001b[36m>\u001b[39m\n      \u001b[36m<a\u001b[39m\n        \u001b[33mclass\u001b[39m=\u001b[32m\"sr-only focus:not-sr-only focus:absolute focus:top-0 focus:left-0 focus:z-50 focus:bg-primary focus:text-primary-foreground focus:px-4 focus:py-2 focus:m-2 focus:rounded\"\u001b[39m\n        \u001b[33mhref\u001b[39m=\u001b[32m\"#main-content\"\u001b[39m\n      \u001b[36m>\u001b[39m\n        \u001b[0mSkip to main content\u001b[0m\n      \u001b[36m</a>\u001b[39m\n      \u001b[36m<header\u001b[39m\n        \u001b[33mclass\u001b[39m=\u001b[32m\"bg-primary text-primary-foreground px-4 py-6 sm:px-6 lg:px-8 shadow-md\"\u001b[39m\n      \u001b[36m>\u001b[39m\n        \u001b[36m<div\u001b[39m\n          \u001b[33mclass\u001b[39m=\u001b[32m\"container mx-auto\"\u001b[39m\n        \u001b[36m>\u001b[39m\n          \u001b[36m<h1\u001b[39m\n            \u001b[33mclass\u001b[39m=\u001b[32m\"text-2xl sm:text-3xl lg:text-4xl font-bold\"\u001b[39m\n          \u001b[36m>\u001b[39m\n            \u001b[0mCraftyPrep\u001b[0m\n          \u001b[36m</h1>\u001b[39m\n          \u001b[36m<p\u001b[39m\n            \u001b[33mclass\u001b[39m=\u001b[32m\"text-sm sm:text-base mt-2 opacity-90\"\u001b[39m\n          \u001b[36m>\u001b[39m\n            \u001b[0mLaser Engraving Image Preparation Tool\u001b[0m\n          \u001b[36m</p>\u001b[39m\n        \u001b[36m</div>\u001b[39m\n      \u001b[36m</header>\u001b[39m\n      \u001b[36m<main\u001b[39m\n        \u001b[33mclass\u001b[39m=\u001b[32m\"flex-1 container mx-auto px-4 py-6 sm:px-6 lg:px-8\"\u001b[39m\n        \u001b[33mid\u001b[39m=\u001b[32m\"main-content\"\u001b[39m\n        \u001b[33mrole\u001b[39m=\u001b[32m\"main\"\u001b[39m\n      \u001b[36m>\u001b[39m\n        \u001b[36m<div\u001b[39m\n          \u001b[33mclass\u001b[39m=\u001b[32m\"flex flex-col items-center justify-center space-y-8\"\u001b[39m\n        \u001b[36m>\u001b[39m\n          \u001b[36m<div\u001b[39m\n            \u001b[33mclass\u001b[39m=\u001b[32m\"text-center space-y-4\"\u001b[39m\n          \u001b[36m>\u001b[39m\n            \u001b[36m<h2\u001b[39m\n              \u001b[33mclass\u001b[39m=\u001b[32m\"text-3xl font-bold\"\u001b[39m\n            \u001b[36m>\u001b[39m\n              \u001b[0mWelcome to CraftyPrep\u001b[0m\n            \u001b[36m</h2>\u001b[39m\n            \u001b[36m<p\u001b[39m\n              \u001b[33mclass\u001b[39m=\u001b[32m\"text-lg text-muted-foreground max-w-2xl mx-auto\"\u001b[39m\n            \u001b[36m>\u001b[39m\n              \u001b[0mTransform your images for laser engraving with our powerful image preparation tool.\u001b[0m\n            \u001b[36m</p>\u001b[39m\n          \u001b[36m</div>\u001b[39m\n          \u001b[36m<div\u001b[39m\n            \u001b[33maria-label\u001b[39m=\u001b[32m\"Image upload\"\u001b[39m\n            \u001b[33mclass\u001b[39m=\u001b[32m\"w-full max-w-2xl mx-auto px-4 py-6\"\u001b[39m\n            \u001b[33mrole\u001b[39m=\u001b[32m\"region\"\u001b[39m\n          \u001b[36m>\u001b[39m\n            \u001b[36m<div\u001b[39m\n              \u001b[33maria-busy\u001b[39m=\u001b[32m\"false\"\u001b[39m\n              \u001b[33maria-disabled\u001b[39m=\u001b[32m\"false\"\u001b[39m\n              \u001b[33maria-label\u001b[39m=\u001b[32m\"Upload image file. Drag and drop or press Enter to browse.\"\u001b[39m\n              \u001b[33mclass\u001b[39m=\u001b[32m\"\n        relative flex flex-col items-center justify-center\n        w-full min-h-[200px] md:min-h-[300px]\n        border-2 border-dashed rounded-lg\n        transition-all duration-200\n        cursor-pointer\n        border-gray-300 hover:border-gray-400\n        \n        focus:outline-none focus:ring-4 focus:ring-blue-500 focus:ring-offset-2\n      \"\u001b[39m\n              \u001b[33mrole\u001b[39m=\u001b[32m\"button\"\u001b[39m\n              \u001b[33mtabindex\u001b[39m=\u001b[32m\"0\"\u001b[39m\n            \u001b[36m>\u001b[39m\n              \u001b[36m<input\u001b[39m\n                \u001b[33maccept\u001b[39m=\u001b[32m\"image/jpeg,image/jpg,image/png,image/gif,image/bmp\"\u001b[39m\n                \u001b[33maria-hidden\u001b[39m=\u001b[32m\"true\"\u001b[39m\n                \u001b[33mclass\u001b[39m=\u001b[32m\"hidden\"\u001b[39m\n                \u001b[33mtype\u001b[39m=\u001b[32m\"file\"\u001b[39m\n              \u001b[36m/>\u001b[39m\n              \u001b[36m<div\u001b[39m\n                \u001b[33mclass\u001b[39m=\u001b[32m\"flex flex-col items-center gap-4 px-4 py-8\"\u001b[39m\n              \u001b[36m>\u001b[39m\n                \u001b[36m<svg\u001b[39m\n                  \u001b[33maria-hidden\u001b[39m=\u001b[32m\"true\"\u001b[39m\n                  \u001b[33mclass\u001b[39m=\u001b[32m\"lucide lucide-upload w-12 h-12 text-gray-400\"\u001b[39m\n                  \u001b[33mfill\u001b[39m=\u001b[32m\"none\"\u001b[39m\n                  \u001b[33mheight\u001b[39m=\u001b[32m\"24\"\u001b[39m\n                  \u001b[33mstroke\u001b[39m=\u001b[32m\"currentColor\"\u001b[39m\n                  \u001b[33mstroke-linecap\u001b[39m=\u001b[32m\"round\"\u001b[39m\n                  \u001b[33mstroke-linejoin\u001b[39m=\u001b[32m\"round\"\u001b[39m\n                  \u001b[33mstroke-width\u001b[39m=\u001b[32m\"2\"\u001b[39m\n                  \u001b[33mviewBox\u001b[39m=\u001b[32m\"0 0 24 24\"\u001b[39m\n                  \u001b[33mwidth\u001b[39m=\u001b[32m\"24\"\u001b[39m\n                  \u001b[33mxmlns\u001b[39m=\u001b[32m\"http://www.w3.org/2000/svg\"\u001b[39m\n                \u001b[36m>\u001b[39m\n                  \u001b[36m<path\u001b[39m\n                    \u001b[33md\u001b[39m=\u001b[32m\"M12 3v12\"\u001b[39m\n                  \u001b[36m/>\u001b[39m\n                  \u001b[36m<path\u001b[39m\n                    \u001b[33md\u001b[39m=\u001b[32m\"m17 8-5-5-5 5\"\u001b[39m\n                  \u001b[36m/>\u001b[39m\n                  \u001b[36m<path\u001b[39m\n                    \u001b[33md\u001b[39m=\u001b[32m\"M21 15v4a2 2 0 0 1-2 2H5a2 2 0 0 1-2-2v-4\"\u001b[39m\n                  \u001b[36m/>\u001b[39m\n                \u001b[36m</svg>\u001b[39m\n                \u001b[36m<div\u001b[39m\n                  \u001b[33mclass\u001b[39m=\u001b[32m\"text-center\"\u001b[39m\n                \u001b[36m>\u001b[39m\n                  \u001b[36m<p\u001b[39m\n                    \u001b[33mclass\u001b[39m=\u001b[32m\"text-lg font-medium text-gray-700\"\u001b[39m\n                  \u001b[36m>\u001b[39m\n                    \u001b[0mDrag image here or click to browse\u001b[0m\n                  \u001b[36m</p>\u001b[39m\n                  \u001b[36m<p\u001b[39m\n                    \u001b[33mclass\u001b[39m=\u001b[32m\"mt-2 text-sm text-gray-500\"\u001b[39m\n                  \u001b[36m>\u001b[39m\n                    \u001b[0mJPG, PNG, GIF, or BMP • Max 10MB\u001b[0m\n                  \u001b[36m</p>\u001b[39m\n                \u001b[36m</div>\u001b[39m\n              \u001b[36m</div>\u001b[39m\n            \u001b[36m</div>\u001b[39m\n          \u001b[36m</div>\u001b[39m\n        \u001b[36m</div>\u001b[39m\n      \u001b[36m</main>\u001b[39m\n      \u001b[36m<footer\u001b[39m\n        \u001b[33mclass\u001b[39m=\u001b[32m\"bg-secondary text-secondary-foreground px-4 py-6 sm:px-6 lg:px-8 border-t border-slate-200 mt-auto\"\u001b[39m\n      \u001b[36m>\u001b[39m\n        \u001b[36m<div\u001b[39m\n          \u001b[33mclass\u001b[39m=\u001b[32m\"container mx-auto text-center text-sm sm:text-base\"\u001b[39m\n        \u001b[36m>\u001b[39m\n          \u001b[36m<p>\u001b[39m\n            \u001b[0m© \u001b[0m\n            \u001b[0m2025\u001b[0m\n            \u001b[0m CraftyPrep. All rights reserved.\u001b[0m\n          \u001b[36m</p>\u001b[39m\n          \u001b[36m<p\u001b[39m\n            \u001b[33mclass\u001b[39m=\u001b[32m\"mt-2 text-muted-foreground\"\u001b[39m\n          \u001b[36m>\u001b[39m\n            \u001b[0mLaser engraving image preparation made simple\u001b[0m\n          \u001b[36m</p>\u001b[39m\n        \u001b[36m</div>\u001b[39m\n      \u001b[36m</footer>\u001b[39m\n    \u001b[36m</div>\u001b[39m\n  \u001b[36m</div>\u001b[39m\n\u001b[36m</body>\u001b[39m\n    at Object.getElementError (/opt/workspaces/craftyprep.com/src/node_modules/@testing-library/dom/dist/config.js:37:19)\n    at getAllByLabelText (/opt/workspaces/craftyprep.com/src/node_modules/@testing-library/dom/dist/queries/label-text.js:111:38)\n    at /opt/workspaces/craftyprep.com/src/node_modules/@testing-library/dom/dist/query-helpers.js:52:17\n    at /opt/workspaces/craftyprep.com/src/node_modules/@testing-library/dom/dist/query-helpers.js:95:19\n    at /opt/workspaces/craftyprep.com/src/tests/integration/AutoPrepFlow.test.tsx:222:32\n    at file:///opt/workspaces/craftyprep.com/src/node_modules/@vitest/runner/dist/chunk-hooks.js:155:11\n    at file:///opt/workspaces/craftyprep.com/src/node_modules/@vitest/runner/dist/chunk-hooks.js:752:26\n    at file:///opt/workspaces/craftyprep.com/src/node_modules/@vitest/runner/dist/chunk-hooks.js:1897:20\n    at new Promise (<anonymous>)\n    at runWithTimeout (file:///opt/workspaces/craftyprep.com/src/node_modules/@vitest/runner/dist/chunk-hooks.js:1863:10)"],"meta":{}},{"ancestorTitles":["Auto-Prep Flow Integration","Accessibility"],"fullName":"Auto-Prep Flow Integration Accessibility announces processing status to screen readers","status":"failed","title":"announces processing status to screen readers","duration":67.58889502286911,"failureMessages":["TestingLibraryElementError: Unable to find a label with the text of: /drag image here or click to browse/i\n\nIgnored nodes: comments, script, style\n\u001b[36m<body>\u001b[39m\n  \u001b[36m<div>\u001b[39m\n    \u001b[36m<div\u001b[39m\n      \u001b[33mclass\u001b[39m=\u001b[32m\"min-h-screen flex flex-col bg-background text-foreground\"\u001b[39m\n    \u001b[36m>\u001b[39m\n      \u001b[36m<a\u001b[39m\n        \u001b[33mclass\u001b[39m=\u001b[32m\"sr-only focus:not-sr-only focus:absolute focus:top-0 focus:left-0 focus:z-50 focus:bg-primary focus:text-primary-foreground focus:px-4 focus:py-2 focus:m-2 focus:rounded\"\u001b[39m\n        \u001b[33mhref\u001b[39m=\u001b[32m\"#main-content\"\u001b[39m\n      \u001b[36m>\u001b[39m\n        \u001b[0mSkip to main content\u001b[0m\n      \u001b[36m</a>\u001b[39m\n      \u001b[36m<header\u001b[39m\n        \u001b[33mclass\u001b[39m=\u001b[32m\"bg-primary text-primary-foreground px-4 py-6 sm:px-6 lg:px-8 shadow-md\"\u001b[39m\n      \u001b[36m>\u001b[39m\n        \u001b[36m<div\u001b[39m\n          \u001b[33mclass\u001b[39m=\u001b[32m\"container mx-auto\"\u001b[39m\n        \u001b[36m>\u001b[39m\n          \u001b[36m<h1\u001b[39m\n            \u001b[33mclass\u001b[39m=\u001b[32m\"text-2xl sm:text-3xl lg:text-4xl font-bold\"\u001b[39m\n          \u001b[36m>\u001b[39m\n            \u001b[0mCraftyPrep\u001b[0m\n          \u001b[36m</h1>\u001b[39m\n          \u001b[36m<p\u001b[39m\n            \u001b[33mclass\u001b[39m=\u001b[32m\"text-sm sm:text-base mt-2 opacity-90\"\u001b[39m\n          \u001b[36m>\u001b[39m\n            \u001b[0mLaser Engraving Image Preparation Tool\u001b[0m\n          \u001b[36m</p>\u001b[39m\n        \u001b[36m</div>\u001b[39m\n      \u001b[36m</header>\u001b[39m\n      \u001b[36m<main\u001b[39m\n        \u001b[33mclass\u001b[39m=\u001b[32m\"flex-1 container mx-auto px-4 py-6 sm:px-6 lg:px-8\"\u001b[39m\n        \u001b[33mid\u001b[39m=\u001b[32m\"main-content\"\u001b[39m\n        \u001b[33mrole\u001b[39m=\u001b[32m\"main\"\u001b[39m\n      \u001b[36m>\u001b[39m\n        \u001b[36m<div\u001b[39m\n          \u001b[33mclass\u001b[39m=\u001b[32m\"flex flex-col items-center justify-center space-y-8\"\u001b[39m\n        \u001b[36m>\u001b[39m\n          \u001b[36m<div\u001b[39m\n            \u001b[33mclass\u001b[39m=\u001b[32m\"text-center space-y-4\"\u001b[39m\n          \u001b[36m>\u001b[39m\n            \u001b[36m<h2\u001b[39m\n              \u001b[33mclass\u001b[39m=\u001b[32m\"text-3xl font-bold\"\u001b[39m\n            \u001b[36m>\u001b[39m\n              \u001b[0mWelcome to CraftyPrep\u001b[0m\n            \u001b[36m</h2>\u001b[39m\n            \u001b[36m<p\u001b[39m\n              \u001b[33mclass\u001b[39m=\u001b[32m\"text-lg text-muted-foreground max-w-2xl mx-auto\"\u001b[39m\n            \u001b[36m>\u001b[39m\n              \u001b[0mTransform your images for laser engraving with our powerful image preparation tool.\u001b[0m\n            \u001b[36m</p>\u001b[39m\n          \u001b[36m</div>\u001b[39m\n          \u001b[36m<div\u001b[39m\n            \u001b[33maria-label\u001b[39m=\u001b[32m\"Image upload\"\u001b[39m\n            \u001b[33mclass\u001b[39m=\u001b[32m\"w-full max-w-2xl mx-auto px-4 py-6\"\u001b[39m\n            \u001b[33mrole\u001b[39m=\u001b[32m\"region\"\u001b[39m\n          \u001b[36m>\u001b[39m\n            \u001b[36m<div\u001b[39m\n              \u001b[33maria-busy\u001b[39m=\u001b[32m\"false\"\u001b[39m\n              \u001b[33maria-disabled\u001b[39m=\u001b[32m\"false\"\u001b[39m\n              \u001b[33maria-label\u001b[39m=\u001b[32m\"Upload image file. Drag and drop or press Enter to browse.\"\u001b[39m\n              \u001b[33mclass\u001b[39m=\u001b[32m\"\n        relative flex flex-col items-center justify-center\n        w-full min-h-[200px] md:min-h-[300px]\n        border-2 border-dashed rounded-lg\n        transition-all duration-200\n        cursor-pointer\n        border-gray-300 hover:border-gray-400\n        \n        focus:outline-none focus:ring-4 focus:ring-blue-500 focus:ring-offset-2\n      \"\u001b[39m\n              \u001b[33mrole\u001b[39m=\u001b[32m\"button\"\u001b[39m\n              \u001b[33mtabindex\u001b[39m=\u001b[32m\"0\"\u001b[39m\n            \u001b[36m>\u001b[39m\n              \u001b[36m<input\u001b[39m\n                \u001b[33maccept\u001b[39m=\u001b[32m\"image/jpeg,image/jpg,image/png,image/gif,image/bmp\"\u001b[39m\n                \u001b[33maria-hidden\u001b[39m=\u001b[32m\"true\"\u001b[39m\n                \u001b[33mclass\u001b[39m=\u001b[32m\"hidden\"\u001b[39m\n                \u001b[33mtype\u001b[39m=\u001b[32m\"file\"\u001b[39m\n              \u001b[36m/>\u001b[39m\n              \u001b[36m<div\u001b[39m\n                \u001b[33mclass\u001b[39m=\u001b[32m\"flex flex-col items-center gap-4 px-4 py-8\"\u001b[39m\n              \u001b[36m>\u001b[39m\n                \u001b[36m<svg\u001b[39m\n                  \u001b[33maria-hidden\u001b[39m=\u001b[32m\"true\"\u001b[39m\n                  \u001b[33mclass\u001b[39m=\u001b[32m\"lucide lucide-upload w-12 h-12 text-gray-400\"\u001b[39m\n                  \u001b[33mfill\u001b[39m=\u001b[32m\"none\"\u001b[39m\n                  \u001b[33mheight\u001b[39m=\u001b[32m\"24\"\u001b[39m\n                  \u001b[33mstroke\u001b[39m=\u001b[32m\"currentColor\"\u001b[39m\n                  \u001b[33mstroke-linecap\u001b[39m=\u001b[32m\"round\"\u001b[39m\n                  \u001b[33mstroke-linejoin\u001b[39m=\u001b[32m\"round\"\u001b[39m\n                  \u001b[33mstroke-width\u001b[39m=\u001b[32m\"2\"\u001b[39m\n                  \u001b[33mviewBox\u001b[39m=\u001b[32m\"0 0 24 24\"\u001b[39m\n                  \u001b[33mwidth\u001b[39m=\u001b[32m\"24\"\u001b[39m\n                  \u001b[33mxmlns\u001b[39m=\u001b[32m\"http://www.w3.org/2000/svg\"\u001b[39m\n                \u001b[36m>\u001b[39m\n                  \u001b[36m<path\u001b[39m\n                    \u001b[33md\u001b[39m=\u001b[32m\"M12 3v12\"\u001b[39m\n                  \u001b[36m/>\u001b[39m\n                  \u001b[36m<path\u001b[39m\n                    \u001b[33md\u001b[39m=\u001b[32m\"m17 8-5-5-5 5\"\u001b[39m\n                  \u001b[36m/>\u001b[39m\n                  \u001b[36m<path\u001b[39m\n                    \u001b[33md\u001b[39m=\u001b[32m\"M21 15v4a2 2 0 0 1-2 2H5a2 2 0 0 1-2-2v-4\"\u001b[39m\n                  \u001b[36m/>\u001b[39m\n                \u001b[36m</svg>\u001b[39m\n                \u001b[36m<div\u001b[39m\n                  \u001b[33mclass\u001b[39m=\u001b[32m\"text-center\"\u001b[39m\n                \u001b[36m>\u001b[39m\n                  \u001b[36m<p\u001b[39m\n                    \u001b[33mclass\u001b[39m=\u001b[32m\"text-lg font-medium text-gray-700\"\u001b[39m\n                  \u001b[36m>\u001b[39m\n                    \u001b[0mDrag image here or click to browse\u001b[0m\n                  \u001b[36m</p>\u001b[39m\n                  \u001b[36m<p\u001b[39m\n                    \u001b[33mclass\u001b[39m=\u001b[32m\"mt-2 text-sm text-gray-500\"\u001b[39m\n                  \u001b[36m>\u001b[39m\n                    \u001b[0mJPG, PNG, GIF, or BMP • Max 10MB\u001b[0m\n                  \u001b[36m</p>\u001b[39m\n                \u001b[36m</div>\u001b[39m\n              \u001b[36m</div>\u001b[39m\n            \u001b[36m</div>\u001b[39m\n          \u001b[36m</div>\u001b[39m\n        \u001b[36m</div>\u001b[39m\n      \u001b[36m</main>\u001b[39m\n      \u001b[36m<footer\u001b[39m\n        \u001b[33mclass\u001b[39m=\u001b[32m\"bg-secondary text-secondary-foreground px-4 py-6 sm:px-6 lg:px-8 border-t border-slate-200 mt-auto\"\u001b[39m\n      \u001b[36m>\u001b[39m\n        \u001b[36m<div\u001b[39m\n          \u001b[33mclass\u001b[39m=\u001b[32m\"container mx-auto text-center text-sm sm:text-base\"\u001b[39m\n        \u001b[36m>\u001b[39m\n          \u001b[36m<p>\u001b[39m\n            \u001b[0m© \u001b[0m\n            \u001b[0m2025\u001b[0m\n            \u001b[0m CraftyPrep. All rights reserved.\u001b[0m\n          \u001b[36m</p>\u001b[39m\n          \u001b[36m<p\u001b[39m\n            \u001b[33mclass\u001b[39m=\u001b[32m\"mt-2 text-muted-foreground\"\u001b[39m\n          \u001b[36m>\u001b[39m\n            \u001b[0mLaser engraving image preparation made simple\u001b[0m\n          \u001b[36m</p>\u001b[39m\n        \u001b[36m</div>\u001b[39m\n      \u001b[36m</footer>\u001b[39m\n    \u001b[36m</div>\u001b[39m\n  \u001b[36m</div>\u001b[39m\n\u001b[36m</body>\u001b[39m\n    at Object.getElementError (/opt/workspaces/craftyprep.com/src/node_modules/@testing-library/dom/dist/config.js:37:19)\n    at getAllByLabelText (/opt/workspaces/craftyprep.com/src/node_modules/@testing-library/dom/dist/queries/label-text.js:111:38)\n    at /opt/workspaces/craftyprep.com/src/node_modules/@testing-library/dom/dist/query-helpers.js:52:17\n    at /opt/workspaces/craftyprep.com/src/node_modules/@testing-library/dom/dist/query-helpers.js:95:19\n    at /opt/workspaces/craftyprep.com/src/tests/integration/AutoPrepFlow.test.tsx:262:32\n    at file:///opt/workspaces/craftyprep.com/src/node_modules/@vitest/runner/dist/chunk-hooks.js:155:11\n    at file:///opt/workspaces/craftyprep.com/src/node_modules/@vitest/runner/dist/chunk-hooks.js:752:26\n    at file:///opt/workspaces/craftyprep.com/src/node_modules/@vitest/runner/dist/chunk-hooks.js:1897:20\n    at new Promise (<anonymous>)\n    at runWithTimeout (file:///opt/workspaces/craftyprep.com/src/node_modules/@vitest/runner/dist/chunk-hooks.js:1863:10)"],"meta":{}},{"ancestorTitles":["Auto-Prep Flow Integration","Accessibility"],"fullName":"Auto-Prep Flow Integration Accessibility mai
[...]
lidator.ts","all":false,"statementMap":{"7":{"start":{"line":8,"column":0},"end":{"line":8,"column":66}},"8":{"start":{"line":9,"column":0},"end":{"line":9,"column":51}},"9":{"start":{"line":10,"column":0},"end":{"line":10,"column":39}},"10":{"start":{"line":11,"column":0},"end":{"line":11,"column":1}}},"s":{"7":1,"8":27,"9":27,"10":27},"branchMap":{"0":{"type":"branch","line":8,"loc":{"start":{"line":8,"column":7},"end":{"line":11,"column":1}},"locations":[{"start":{"line":8,"column":7},"end":{"line":11,"column":1}}]}},"b":{"0":[27]},"fnMap":{"0":{"name":"validateFileExtension","decl":{"start":{"line":8,"column":7},"end":{"line":11,"column":1}},"loc":{"start":{"line":8,"column":7},"end":{"line":11,"column":1}},"line":8}},"f":{"0":27}},"/opt/workspaces/craftyprep.com/src/lib/validation/fileSizeValidator.ts":{"path":"/opt/workspaces/craftyprep.com/src/lib/validation/fileSizeValidator.ts","all":false,"statementMap":{"0":{"start":{"line":1,"column":0},"end":{"line":1,"column":46}},"9":{"start":{"line":10,"column":0},"end":{"line":10,"column":100}},"10":{"start":{"line":11,"column":0},"end":{"line":11,"column":47}},"11":{"start":{"line":12,"column":0},"end":{"line":12,"column":35}},"12":{"start":{"line":13,"column":0},"end":{"line":13,"column":1}}},"s":{"0":1,"9":1,"10":18,"11":18,"12":18},"branchMap":{"0":{"type":"branch","line":10,"loc":{"start":{"line":10,"column":7},"end":{"line":13,"column":1}},"locations":[{"start":{"line":10,"column":7},"end":{"line":13,"column":1}}]}},"b":{"0":[18]},"fnMap":{"0":{"name":"validateFileSize","decl":{"start":{"line":10,"column":7},"end":{"line":13,"column":1}},"loc":{"start":{"line":10,"column":7},"end":{"line":13,"column":1}},"line":10}},"f":{"0":18}},"/opt/workspaces/craftyprep.com/src/lib/validation/fileTypeValidator.ts":{"path":"/opt/workspaces/craftyprep.com/src/lib/validation/fileTypeValidator.ts","all":false,"statementMap":{"7":{"start":{"line":8,"column":0},"end":{"line":8,"column":55}},"8":{"start":{"line":9,"column":0},"end":{"line":9,"column":90}},"10":{"start":{"line":11,"column":0},"end":{"line":11,"column":56}},"11":{"start":{"line":12,"column":0},"end":{"line":12,"column":1}}},"s":{"7":1,"8":26,"10":26,"11":26},"branchMap":{"0":{"type":"branch","line":8,"loc":{"start":{"line":8,"column":7},"end":{"line":12,"column":1}},"locations":[{"start":{"line":8,"column":7},"end":{"line":12,"column":1}}]}},"b":{"0":[26]},"fnMap":{"0":{"name":"validateFileType","decl":{"start":{"line":8,"column":7},"end":{"line":12,"column":1}},"loc":{"start":{"line":8,"column":7},"end":{"line":12,"column":1}},"line":8}},"f":{"0":26}},"/opt/workspaces/craftyprep.com/src/lib/validation/fileValidator.ts":{"path":"/opt/workspaces/craftyprep.com/src/lib/validation/fileValidator.ts","all":false,"statementMap":{"0":{"start":{"line":1,"column":0},"end":{"line":1,"column":55}},"1":{"start":{"line":2,"column":0},"end":{"line":2,"column":65}},"2":{"start":{"line":3,"column":0},"end":{"line":3,"column":55}},"3":{"start":{"line":4,"column":0},"end":{"line":4,"column":55}},"4":{"start":{"line":5,"column":0},"end":{"line":5,"column":53}},"5":{"start":{"line":6,"column":0},"end":{"line":6,"column":68}},"23":{"start":{"line":24,"column":0},"end":{"line":24,"column":99}},"25":{"start":{"line":26,"column":0},"end":{"line":26,"column":32}},"26":{"start":{"line":27,"column":0},"end":{"line":27,"column":12}},"27":{"start":{"line":28,"column":0},"end":{"line":28,"column":19}},"28":{"start":{"line":29,"column":0},"end":{"line":29,"column":75}},"29":{"start":{"line":30,"column":0},"end":{"line":30,"column":6}},"30":{"start":{"line":31,"column":0},"end":{"line":31,"column":3}},"33":{"start":{"line":34,"column":0},"end":{"line":34,"column":42}},"34":{"start":{"line":35,"column":0},"end":{"line":35,"column":12}},"35":{"start":{"line":36,"column":0},"end":{"line":36,"column":19}},"36":{"start":{"line":37,"column":0},"end":{"line":37,"column":75}},"37":{"start":{"line":38,"column":0},"end":{"line":38,"column":6}},"38":{"start":{"line":39,"column":0},"end":{"line":39,"column":3}},"41":{"start":{"line":42,"column":0},"end":{"line":42,"column":43}},"42":{"start":{"line":43,"column":0},"end":{"line":43,"column":62}},"43":{"start":{"line":44,"column":0},"end":{"line":44,"column":12}},"44":{"start":{"line":45,"column":0},"end":{"line":45,"column":19}},"45":{"start":{"line":46,"column":0},"end":{"line":46,"column":93}},"46":{"start":{"line":47,"column":0},"end":{"line":47,"column":6}},"47":{"start":{"line":48,"column":0},"end":{"line":48,"column":3}},"50":{"start":{"line":51,"column":0},"end":{"line":51,"column":56}},"53":{"start":{"line":54,"column":0},"end":{"line":54,"column":30}},"54":{"start":{"line":55,"column":0},"end":{"line":55,"column":7}},"55":{"start":{"line":56,"column":0},"end":{"line":56,"column":44}},"56":{"start":{"line":57,"column":0},"end":{"line":57,"column":19}},"57":{"start":{"line":58,"column":0},"end":{"line":58,"column":12}},"58":{"start":{"line":59,"column":0},"end":{"line":59,"column":19}},"59":{"start":{"line":60,"column":0},"end":{"line":60,"column":12}},"60":{"start":{"line":61,"column":0},"end":{"line":61,"column":96}},"61":{"start":{"line":62,"column":0},"end":{"line":62,"column":6}},"62":{"start":{"line":63,"column":0},"end":{"line":63,"column":3}},"65":{"start":{"line":66,"column":0},"end":{"line":66,"column":57}},"66":{"start":{"line":67,"column":0},"end":{"line":67,"column":31}},"67":{"start":{"line":68,"column":0},"end":{"line":68,"column":12}},"68":{"start":{"line":69,"column":0},"end":{"line":69,"column":19}},"69":{"start":{"line":70,"column":0},"end":{"line":70,"column":35}},"70":{"start":{"line":71,"column":0},"end":{"line":71,"column":6}},"71":{"start":{"line":72,"column":0},"end":{"line":72,"column":3}},"74":{"start":{"line":75,"column":0},"end":{"line":75,"column":10}},"75":{"start":{"line":76,"column":0},"end":{"line":76,"column":16}},"76":{"start":{"line":77,"column":0},"end":{"line":77,"column":22}},"77":{"start":{"line":78,"column":0},"end":{"line":78,"column":10}},"78":{"start":{"line":79,"column":0},"end":{"line":79,"column":4}},"79":{"start":{"line":80,"column":0},"end":{"line":80,"column":1}}},"s":{"0":1,"1":1,"2":1,"3":1,"4":1,"5":1,"23":16,"25":16,"26":4,"27":4,"28":4,"29":4,"30":4,"33":16,"34":1,"35":1,"36":1,"37":1,"38":1,"41":16,"42":1,"43":1,"44":1,"45":1,"46":1,"47":1,"50":10,"53":10,"54":10,"55":10,"56":16,"57":1,"58":1,"59":1,"60":1,"61":1,"62":1,"65":9,"66":16,"67":1,"68":1,"69":1,"70":1,"71":1,"74":8,"75":8,"76":8,"77":8,"78":8,"79":8},"branchMap":{"0":{"type":"branch","line":24,"loc":{"start":{"line":24,"column":0},"end":{"line":80,"column":1}},"locations":[{"start":{"line":24,"column":0},"end":{"line":80,"column":1}}]},"1":{"type":"branch","line":26,"loc":{"start":{"line":26,"column":31},"end":{"line":31,"column":3}},"locations":[{"start":{"line":26,"column":31},"end":{"line":31,"column":3}}]},"2":{"type":"branch","line":31,"loc":{"start":{"line":31,"column":2},"end":{"line":34,"column":41}},"locations":[{"start":{"line":31,"column":2},"end":{"line":34,"column":41}}]},"3":{"type":"branch","line":34,"loc":{"start":{"line":34,"column":41},"end":{"line":39,"column":3}},"locations":[{"start":{"line":34,"column":41},"end":{"line":39,"column":3}}]},"4":{"type":"branch","line":39,"loc":{"start":{"line":39,"column":2},"end":{"line":42,"column":42}},"locations":[{"start":{"line":39,"column":2},"end":{"line":42,"column":42}}]},"5":{"type":"branch","line":42,"loc":{"start":{"line":42,"column":42},"end":{"line":48,"column":3}},"locations":[{"start":{"line":42,"column":42},"end":{"line":48,"column":3}}]},"6":{"type":"branch","line":48,"loc":{"start":{"line":48,"column":2},"end":{"line":57,"column":11}},"locations":[{"start":{"line":48,"column":2},"end":{"line":57,"column":11}}]},"7":{"type":"branch","line":48,"loc":{"start":{"line":48,"column":2},"end":{"line":56,"column":44}},"locations":[{"start":{"line":48,"column":2},"end":{"line":56,"column":44}}]},"8":{"type":"branch","line":56,"loc":{"start":{"line":56,"column":42},"end":{"line":57,"column":11}},"locations":[{"start":{"line":56,"column":42},"end":{"line":57,"column":11}}]},"9":{"type":"branch","line":57,"loc":{"start":{"line":57,"column":2},"end":{"line":63,"column":3}},"locations":[{"start":{"line":57,"column":2},"end":{"line":63,"column":3}}]},"10":{"type":"branch","line":61,"loc":{"start":{"line":61,"column":39},"end":{"line":61,"column":96}},"locations":[{"start":{"line":61,"column":39},"end":{"line":61,"column":96}}]},"11":{"type":"branch","line":63,"loc":{"start":{"line":63,"column":2},"end":{"line":67,"column":30}},"locations":[{"start":{"line":63,"column":2},"end":{"line":67,"column":30}}]},"12":{"type":"branch","line":67,"loc":{"start":{"line":67,"column":30},"end":{"line":72,"column":3}},"locations":[{"start":{"line":67,"column":30},"end":{"line":72,"column":3}}]},"13":{"type":"branch","line":72,"loc":{"start":{"line":72,"column":2},"end":{"line":80,"column":1}},"locations":[{"start":{"line":72,"column":2},"end":{"line":80,"column":1}}]}},"b":{"0":[16],"1":[4],"2":[12],"3":[1],"4":[11],"5":[1],"6":[14],"7":[10],"8":[9],"9":[1],"10":[0],"11":[9],"12":[1],"13":[8]},"fnMap":{"0":{"name":"validateFile","decl":{"start":{"line":24,"column":0},"end":{"line":80,"column":1}},"loc":{"start":{"line":24,"column":0},"end":{"line":80,"column":1}},"line":24}},"f":{"0":16}},"/opt/workspaces/craftyprep.com/src/lib/validation/filenameSanitizer.ts":{"path":"/opt/workspaces/craftyprep.com/src/lib/validation/filenameSanitizer.ts","all":false,"statementMap":{"7":{"start":{"line":8,"column":0},"end":{"line":8,"column":60}},"8":{"start":{"line":9,"column":0},"end":{"line":9,"column":49}},"9":{"start":{"line":10,"column":0},"end":{"line":10,"column":1}}},"s":{"7":1,"8":26,"9":26},"branchMap":{"0":{"type":"branch","line":8,"loc":{"start":{"line":8,"column":7},"end":{"line":10,"column":1}},"locations":[{"start":{"line":8,"column":7},"end":{"line":10,"column":1}}]}},"b":{"0":[26]},"fnMap":{"0":{"name":"sanitizeFilename","decl":{"start":{"line":8,"column":7},"end":{"line":10,"column":1}},"loc":{"start":{"line":8,"column":7},"end":{"line":10,"column":1}},"line":8}},"f":{"0":26}},"/opt/workspaces/craftyprep.com/src/lib/validation/imageDecoder.ts":{"path":"/opt/workspaces/craftyprep.com/src/lib/validation/imageDecoder.ts","all":false,"statementMap":{"9":{"start":{"line":10,"column":0},"end":{"line":10,"column":36}},"10":{"start":{"line":11,"column":0},"end":{"line":11,"column":13}},"11":{"start":{"line":12,"column":0},"end":{"line":12,"column":27}},"12":{"start":{"line":13,"column":0},"end":{"line":13,"column":30}},"13":{"start":{"line":14,"column":0},"end":{"line":14,"column":43}},"14":{"start":{"line":15,"column":0},"end":{"line":15,"column":28}},"15":{"start":{"line":16,"column":0},"end":{"line":16,"column":48}},"16":{"start":{"line":17,"column":0},"end":{"line":17,"column":67}},"18":{"start":{"line":19,"column":0},"end":{"line":19,"column":27}},"19":{"start":{"line":20,"column":0},"end":{"line":20,"column":37}},"20":{"start":{"line":21,"column":0},"end":{"line":21,"column":30}},"21":{"start":{"line":22,"column":0},"end":{"line":22,"column":50}},"22":{"start":{"line":23,"column":0},"end":{"line":23,"column":52}},"23":{"start":{"line":24,"column":0},"end":{"line":24,"column":6}},"25":{"start":{"line":26,"column":0},"end":{"line":26,"column":30}},"26":{"start":{"line":27,"column":0},"end":{"line":27,"column":16}},"27":{"start":{"line":28,"column":0},"end":{"line":28,"column":19}},"28":{"start":{"line":29,"column":0},"end":{"line":29,"column":6}},"30":{"start":{"line":31,"column":0},"end":{"line":31,"column":31}},"31":{"start":{"line":32,"column":0},"end":{"line":32,"column":16}},"32":{"start":{"line":33,"column":0},"end":{"line":33,"column":72}},"33":{"start":{"line":34,"column":0},"end":{"line":34,"column":6}},"35":{"start":{"line":36,"column":0},"end":{"line":36,"column":33}},"36":{"start":{"line":37,"column":0},"end":{"line":37,"column":16}},"37":{"start":{"line":38,"column":0},"end":{"line":38,"column":52}},"38":{"start":{"line":39,"column":0},"end":{"line":39,"column":6}},"40":{"start":{"line":41,"column":0},"end":{"line":41,"column":45}},"41":{"start":{"line":42,"column":0},"end":{"line":42,"column":47}},"43":{"start":{"line":44,"column":0},"end":{"line":44,"column":24}},"44":{"start":{"line":45,"column":0},"end":{"line":45,"column":5}},"45":{"start":{"line":46,"column":0},"end":{"line":46,"column":1}}},"s":{"9":1,"10":13,"11":13,"12":13,"13":13,"14":13,"15":13,"16":13,"18":13,"19":13,"20":13,"21":13,"22":13,"23":13,"25":13,"26":10,"27":10,"28":10,"30":13,"31":2,"32":2,"33":2,"35":13,"36":1,"37":1,"38":1,"40":13,"41":13,"43":13,"44":13,"45":13},"branchMap":{"0":{"type":"branch","line":10,"loc":{"start":{"line":10,"column":7},"end":{"line":46,"column":1}},"locations":[{"start":{"line":10,"column":7},"end":{"line":46,"column":1}}]},"1":{"type":"branch","line":14,"loc":{"start":{"line":14,"column":21},"end":{"line":45,"column":3}},"locations":[{"start":{"line":14,"column":21},"end":{"line":45,"column":3}}]},"2":{"type":"branch","line":17,"loc":{"start":{"line":17,"column":33},"end":{"line":17,"column":56}},"locations":[{"start":{"line":17,"column":33},"end":{"line":17,"column":56}}]},"3":{"type":"branch","line":19,"loc":{"start":{"line":19,"column":20},"end":{"line":24,"column":6}},"locations":[{"start":{"line":19,"column":20},"end":{"line":24,"column":6}}]},"4":{"type":"branch","line":26,"loc":{"start":{"line":26,"column":23},"end":{"line":29,"column":6}},"locations":[{"start":{"line":26,"column":23},"end":{"line":29,"column":6}}]},"5":{"type":"branch","line":31,"loc":{"start":{"line":31,"column":24},"end":{"line":34,"column":6}},"locations":[{"start":{"line":31,"column":24},"end":{"line":34,"column":6}}]},"6":{"type":"branch","line":36,"loc":{"start":{"line":36,"column":26},"end":{"line":39,"column":6}},"locations":[{"start":{"line":36,"column":26},"end":{"line":39,"column":6}}]}},"b":{"0":[13],"1":[13],"2":[1],"3":[13],"4":[10],"5":[2],"6":[1]},"fnMap":{"0":{"name":"validateImageDecode","decl":{"start":{"line":10,"column":7},"end":{"line":46,"column":1}},"loc":{"start":{"line":10,"column":7},"end":{"line":46,"column":1}},"line":10},"1":{"name":"cleanup","decl":{"start":{"line":19,"column":20},"end":{"line":24,"column":6}},"loc":{"start":{"line":19,"column":20},"end":{"line":24,"column":6}},"line":19},"2":{"name":"handleLoad","decl":{"start":{"line":26,"column":23},"end":{"line":29,"column":6}},"loc":{"start":{"line":26,"column":23},"end":{"line":29,"column":6}},"line":26},"3":{"name":"handleError","decl":{"start":{"line":31,"column":24},"end":{"line":34,"column":6}},"loc":{"start":{"line":31,"column":24},"end":{"line":34,"column":6}},"line":31},"4":{"name":"handleTimeout","decl":{"start":{"line":36,"column":26},"end":{"line":39,"column":6}},"loc":{"start":{"line":36,"column":26},"end":{"line":39,"column":6}},"line":36}},"f":{"0":13,"1":13,"2":10,"3":2,"4":1}},"/opt/workspaces/craftyprep.com/src/lib/validation/imageDimensionValidator.ts":{"path":"/opt/workspaces/craftyprep.com/src/lib/validation/imageDimensionValidator.ts","all":false,"statementMap":{"1":{"start":{"line":2,"column":0},"end":{"line":2,"column":46}},"12":{"start":{"line":13,"column":0},"end":{"line":13,"column":82}},"13":{"start":{"line":14,"column":0},"end":{"line":14,"column":53}},"14":{"start":{"line":15,"column":0},"end":{"line":15,"column":52}},"16":{"start":{"line":17,"column":0},"end":{"line":17,"column":33}},"17":{"start":{"line":18,"column":0},"end":{"line":18,"column":35}},"18":{"start":{"line":19,"column":0},"end":{"line":19,"column":37}},"21":{"start":{"line":22,"column":0},"end":{"line":22,"column":37}},"22":{"start":{"line":23,"column":0},"end":{"line":23,"column":12}},"23":{"start":{"line":24,"column":0},"end":{"line":24,"column":19}},"24":{"start":{"line":25,"column":0},"end":{"line":25,"column":76}},"25":{"start":{"line":26,"column":0},"end":{"line":26,"column":6}},"26":{"start":{"line":27,"column":0},"end":{"line":27,"column":3}},"29":{"start":{"line":30,"column":0},"end":{"line":30,"column":56}},"30":{"start":{"line":31,"column":0},"end":{"line":31,"column":12}},"31":{"start":{"line":32,"column":0},"end":{"line":32,"column":19}},"32":{"start":{"line":33,"column":0},"end":{"line":33,"column":74}},"33":{"start":{"line":34,"column":0},"end":{"line":34,"column":6}},"34":{"start":{"line":35,"column":0},"end":{"line":35,"column":3}},"36":{"start":{"line":37,"column":0},"end":{"line":37,"column":25}},"37":{"start":{"line":38,"column":0},"end":{"line":38,"column":1}}},"s":{"1":1,"12":1,"13":20,"14":20,"16":20,"17":20,"18":20,"21":20,"22":3,"23":3,"24":3,"25":3,"26":3,"29":20,"30":3,"31":3,"32":3,"33":3,"34":3,"36":14,"37":14},"branchMap":{"0":{"type":"branch","line":13,"loc":{"start":{"line":13,"column":7},"end":{"line":38,"column":1}},"locations":[{"start":{"line":13,"column":7},"end":{"line":38,"column":1}}]},"1":{"type":"branch","line":22,"loc":{"start":{"line":22,"column":36},"end":{"line":27,"column":3}},"locations":[{"start":{"line":22,"column":36},"end":{"line":27,"column":3}}]},"2":{"type":"branch","line":27,"loc":{"start":{"line":27,"column":2},"end":{"line":30,"column":55}},"locations":[{"start":{"line":27,"column":2},"end":{"line":30,"column":55}}]},"3":{"type":"branch","line":27,"loc":{"start":{"line":27,"column":2},"end":{"line":30,"column":31}},"locations":[{"start":{"line":27,"column":2},"end":{"line":30,"column":31}}]},"4":{"type":"branch","line":30,"loc":{"start":{"line":30,"column":14},"end":{"line":30,"column":55}},"locations":[{"start":{"line":30,"column":14},"end":{"line":30,"column":55}}]},"5":{"type":"branch","line":30,"loc":{"start":{"line":30,"column":55},"end":{"line":35,"column":3}},"locations":[{"start":{"line":30,"column":55},"end":{"line":35,"column":3}}]},"6":{"type":"branch","line":35,"loc":{"start":{"line":35,"column":2},"end":{"line":38,"column":1}},"locations":[{"start":{"line":35,"column":2},"end":{"line":38,"column":1}}]}},"b":{"0":[20],"1":[3],"2":[19],"3":[17],"4":[16],"5":[3],"6":[14]},"fnMap":{"0":{"name":"validateImageDimensions","decl":{"start":{"line":13,"column":7},"end":{"line":38,"column":1}},"loc":{"start":{"line":13,"column":7},"end":{"line":38,"column":1}},"line":13}},"f":{"0":20}},"/opt/workspaces/craftyprep.com/src/main.tsx":{"path":"/opt/workspaces/craftyprep.com/src/main.tsx","all":true,"statementMap":{"0":{"start":{"line":1,"column":0},"end":{"line":1,"column":35}},"1":{"start":{"line":2,"column":0},"end":{"line":2,"column":46}},"2":{"start":{"line":3,"column":0},"end":{"line":3,"column":28}},"3":{"start":{"line":4,"column":0},"end":{"line":4,"column":28}},"5":{"start":{"line":6,"column":0},"end":{"line":6,"column":52}},"6":{"start":{"line":7,"column":0},"end":{"line":7,"column":14}},"7":{"start":{"line":8,"column":0},"end":{"line":8,"column":11}},"8":{"start":{"line":9,"column":0},"end":{"line":9,"column":15}},"9":{"start":{"line":10,"column":0},"end":{"line":10,"column":2}}},"s":{"0":0,"1":0,"2":0,"3":0,"5":0,"6":0,"7":0,"8":0,"9":0},"branchMap":{"0":{"type":"branch","line":1,"loc":{"start":{"line":1,"column":214},"end":{"line":10,"column":-156}},"locations":[{"start":{"line":1,"column":214},"end":{"line":10,"column":-156}}]}},"b":{"0":[0]},"fnMap":{"0":{"name":"(empty-report)","decl":{"start":{"line":1,"column":214},"end":{"line":10,"column":-156}},"loc":{"start":{"line":1,"column":214},"end":{"line":10,"column":-156}},"line":1}},"f":{"0":0}},"/opt/workspaces/craftyprep.com/src/lib/validation/types.ts":{"path":"/opt/workspaces/craftyprep.com/src/lib/validation/types.ts","all":true,"statementMap":{},"s":{},"branchMap":{"0":{"type":"branch","line":1,"loc":{"start":{"line":1,"column":289},"end":{"line":14,"column":1}},"locations":[{"start":{"line":1,"column":289},"end":{"line":14,"column":1}}]}},"b":{"0":[1]},"fnMap":{"0":{"name":"(empty-report)","decl":{"start":{"line":1,"column":289},"end":{"line":14,"column":1}},"loc":{"start":{"line":1,"column":289},"end":{"line":14,"column":1}},"line":1}},"f":{"0":1}}}}